CRITICAL - 2024-08-07 00:48:49 --> ErrorException: Undefined property: stdClass::$idunit
in APPPATH\Views\home_2.php on line 38.
 1 APPPATH\Views\home_2.php(38): CodeIgniter\Debug\Exceptions->errorHandler(2, 'Undefined property: stdClass::$idunit', 'C:\\Dokumnt\\web_project2024\\dashmondt-master\\app\\Views\\home_2.php', 38)
 2 SYSTEMPATH\View\View.php(228): include('C:\\Dokumnt\\web_project2024\\dashmondt-master\\app\\Views\\home_2.php')
 3 SYSTEMPATH\View\View.php(231): CodeIgniter\View\View->CodeIgniter\View\{closure}()
 4 SYSTEMPATH\Common.php(1178): CodeIgniter\View\View->render('home_2', [], true)
 5 APPPATH\Controllers\Home2.php(22): view('home_2', [...])
 6 SYSTEMPATH\CodeIgniter.php(941): App\Controllers\Home2->index()
 7 SYSTEMPATH\CodeIgniter.php(502): CodeIgniter\CodeIgniter->runController(Object(App\Controllers\Home2))
 8 SYSTEMPATH\CodeIgniter.php(361): CodeIgniter\CodeIgniter->handleRequest(null, Object(Config\Cache), false)
 9 FCPATH\index.php(79): CodeIgniter\CodeIgniter->run()
10 SYSTEMPATH\Commands\Server\rewrite.php(47): require_once('C:\\Dokumnt\\web_project2024\\dashmondt-master\\public\\index.php')
CRITICAL - 2024-08-07 00:49:52 --> TypeError: count(): Argument #1 ($value) must be of type Countable|array, string given
in APPPATH\Views\home_2.php on line 38.
 1 SYSTEMPATH\View\View.php(228): include()
 2 SYSTEMPATH\View\View.php(231): CodeIgniter\View\View->CodeIgniter\View\{closure}()
 3 SYSTEMPATH\Common.php(1178): CodeIgniter\View\View->render('home_2', [], true)
 4 APPPATH\Controllers\Home2.php(22): view('home_2', [...])
 5 SYSTEMPATH\CodeIgniter.php(941): App\Controllers\Home2->index()
 6 SYSTEMPATH\CodeIgniter.php(502): CodeIgniter\CodeIgniter->runController(Object(App\Controllers\Home2))
 7 SYSTEMPATH\CodeIgniter.php(361): CodeIgniter\CodeIgniter->handleRequest(null, Object(Config\Cache), false)
 8 FCPATH\index.php(79): CodeIgniter\CodeIgniter->run()
 9 SYSTEMPATH\Commands\Server\rewrite.php(47): require_once('C:\\Dokumnt\\web_project2024\\dashmondt-master\\public\\index.php')
CRITICAL - 2024-08-07 00:50:04 --> TypeError: count(): Argument #1 ($value) must be of type Countable|array, stdClass given
in APPPATH\Views\home_2.php on line 38.
 1 SYSTEMPATH\View\View.php(228): include()
 2 SYSTEMPATH\View\View.php(231): CodeIgniter\View\View->CodeIgniter\View\{closure}()
 3 SYSTEMPATH\Common.php(1178): CodeIgniter\View\View->render('home_2', [], true)
 4 APPPATH\Controllers\Home2.php(22): view('home_2', [...])
 5 SYSTEMPATH\CodeIgniter.php(941): App\Controllers\Home2->index()
 6 SYSTEMPATH\CodeIgniter.php(502): CodeIgniter\CodeIgniter->runController(Object(App\Controllers\Home2))
 7 SYSTEMPATH\CodeIgniter.php(361): CodeIgniter\CodeIgniter->handleRequest(null, Object(Config\Cache), false)
 8 FCPATH\index.php(79): CodeIgniter\CodeIgniter->run()
 9 SYSTEMPATH\Commands\Server\rewrite.php(47): require_once('C:\\Dokumnt\\web_project2024\\dashmondt-master\\public\\index.php')
CRITICAL - 2024-08-07 01:50:39 --> ErrorException: preg_match(): Compilation failed: unmatched closing parenthesis at offset 15
in SYSTEMPATH\Router\Router.php on line 424.
 1 [internal function]: CodeIgniter\Debug\Exceptions->errorHandler(2, 'preg_match(): Compilation failed: unmatched closing parenthesis at offset 15', 'C:\\Dokumnt\\web_project2024\\dashmondt-master\\system\\Router\\Router.php', 424)
 2 SYSTEMPATH\Router\Router.php(424): preg_match('#^testing/pocket)$#u', 'detail', [])
 3 SYSTEMPATH\Router\Router.php(186): CodeIgniter\Router\Router->checkRoutes('detail')
 4 SYSTEMPATH\CodeIgniter.php(823): CodeIgniter\Router\Router->handle('detail')
 5 SYSTEMPATH\CodeIgniter.php(450): CodeIgniter\CodeIgniter->tryToRouteIt(Object(CodeIgniter\Router\RouteCollection))
 6 SYSTEMPATH\CodeIgniter.php(361): CodeIgniter\CodeIgniter->handleRequest(null, Object(Config\Cache), false)
 7 FCPATH\index.php(79): CodeIgniter\CodeIgniter->run()
 8 SYSTEMPATH\Commands\Server\rewrite.php(47): require_once('C:\\Dokumnt\\web_project2024\\dashmondt-master\\public\\index.php')
CRITICAL - 2024-08-07 01:52:09 --> ErrorException: preg_match(): Compilation failed: unmatched closing parenthesis at offset 15
in SYSTEMPATH\Router\Router.php on line 424.
 1 [internal function]: CodeIgniter\Debug\Exceptions->errorHandler(2, 'preg_match(): Compilation failed: unmatched closing parenthesis at offset 15', 'C:\\Dokumnt\\web_project2024\\dashmondt-master\\system\\Router\\Router.php', 424)
 2 SYSTEMPATH\Router\Router.php(424): preg_match('#^testing/pocket)$#u', 'detail', [])
 3 SYSTEMPATH\Router\Router.php(186): CodeIgniter\Router\Router->checkRoutes('detail')
 4 SYSTEMPATH\CodeIgniter.php(823): CodeIgniter\Router\Router->handle('detail')
 5 SYSTEMPATH\CodeIgniter.php(450): CodeIgniter\CodeIgniter->tryToRouteIt(Object(CodeIgniter\Router\RouteCollection))
 6 SYSTEMPATH\CodeIgniter.php(361): CodeIgniter\CodeIgniter->handleRequest(null, Object(Config\Cache), false)
 7 FCPATH\index.php(79): CodeIgniter\CodeIgniter->run()
 8 SYSTEMPATH\Commands\Server\rewrite.php(47): require_once('C:\\Dokumnt\\web_project2024\\dashmondt-master\\public\\index.php')
CRITICAL - 2024-08-07 01:54:49 --> ErrorException: preg_match(): Compilation failed: unmatched closing parenthesis at offset 15
in SYSTEMPATH\Router\Router.php on line 424.
 1 [internal function]: CodeIgniter\Debug\Exceptions->errorHandler(2, 'preg_match(): Compilation failed: unmatched closing parenthesis at offset 15', 'C:\\Dokumnt\\web_project2024\\dashmondt-master\\system\\Router\\Router.php', 424)
 2 SYSTEMPATH\Router\Router.php(424): preg_match('#^testing/pocket)$#u', 'detail', [])
 3 SYSTEMPATH\Router\Router.php(186): CodeIgniter\Router\Router->checkRoutes('detail')
 4 SYSTEMPATH\CodeIgniter.php(823): CodeIgniter\Router\Router->handle('detail')
 5 SYSTEMPATH\CodeIgniter.php(450): CodeIgniter\CodeIgniter->tryToRouteIt(Object(CodeIgniter\Router\RouteCollection))
 6 SYSTEMPATH\CodeIgniter.php(361): CodeIgniter\CodeIgniter->handleRequest(null, Object(Config\Cache), false)
 7 FCPATH\index.php(79): CodeIgniter\CodeIgniter->run()
 8 SYSTEMPATH\Commands\Server\rewrite.php(47): require_once('C:\\Dokumnt\\web_project2024\\dashmondt-master\\public\\index.php')
INFO - 2024-08-07 01:58:36 --> Session: Class initialized using 'CodeIgniter\Session\Handlers\FileHandler' driver.
CRITICAL - 2024-08-07 02:08:25 --> ParseError: syntax error, unexpected token ","
in APPPATH\Views\home_2.php on line 55.
 1 SYSTEMPATH\View\View.php(231): CodeIgniter\View\View->CodeIgniter\View\{closure}()
 2 SYSTEMPATH\Common.php(1178): CodeIgniter\View\View->render('home_2', [], true)
 3 APPPATH\Controllers\Home2.php(22): view('home_2', [...])
 4 SYSTEMPATH\CodeIgniter.php(941): App\Controllers\Home2->index()
 5 SYSTEMPATH\CodeIgniter.php(502): CodeIgniter\CodeIgniter->runController(Object(App\Controllers\Home2))
 6 SYSTEMPATH\CodeIgniter.php(361): CodeIgniter\CodeIgniter->handleRequest(null, Object(Config\Cache), false)
 7 FCPATH\index.php(79): CodeIgniter\CodeIgniter->run()
 8 SYSTEMPATH\Commands\Server\rewrite.php(47): require_once('C:\\Dokumnt\\web_project2024\\dashmondt-master\\public\\index.php')
CRITICAL - 2024-08-07 02:20:28 --> ParseError: syntax error, unexpected token ","
in APPPATH\Views\home_2.php on line 55.
 1 SYSTEMPATH\View\View.php(231): CodeIgniter\View\View->CodeIgniter\View\{closure}()
 2 SYSTEMPATH\Common.php(1178): CodeIgniter\View\View->render('home_2', [], true)
 3 APPPATH\Controllers\Home2.php(22): view('home_2', [...])
 4 SYSTEMPATH\CodeIgniter.php(941): App\Controllers\Home2->index()
 5 SYSTEMPATH\CodeIgniter.php(502): CodeIgniter\CodeIgniter->runController(Object(App\Controllers\Home2))
 6 SYSTEMPATH\CodeIgniter.php(361): CodeIgniter\CodeIgniter->handleRequest(null, Object(Config\Cache), false)
 7 FCPATH\index.php(79): CodeIgniter\CodeIgniter->run()
 8 SYSTEMPATH\Commands\Server\rewrite.php(47): require_once('C:\\Dokumnt\\web_project2024\\dashmondt-master\\public\\index.php')
CRITICAL - 2024-08-07 02:23:50 --> ErrorException: preg_match(): Compilation failed: unmatched closing parenthesis at offset 15
in SYSTEMPATH\Router\Router.php on line 424.
 1 [internal function]: CodeIgniter\Debug\Exceptions->errorHandler(2, 'preg_match(): Compilation failed: unmatched closing parenthesis at offset 15', 'C:\\Dokumnt\\web_project2024\\dashmondt-master\\system\\Router\\Router.php', 424)
 2 SYSTEMPATH\Router\Router.php(424): preg_match('#^testing/pocket)$#u', 'detail', [])
 3 SYSTEMPATH\Router\Router.php(186): CodeIgniter\Router\Router->checkRoutes('detail')
 4 SYSTEMPATH\CodeIgniter.php(823): CodeIgniter\Router\Router->handle('detail')
 5 SYSTEMPATH\CodeIgniter.php(450): CodeIgniter\CodeIgniter->tryToRouteIt(Object(CodeIgniter\Router\RouteCollection))
 6 SYSTEMPATH\CodeIgniter.php(361): CodeIgniter\CodeIgniter->handleRequest(null, Object(Config\Cache), false)
 7 FCPATH\index.php(79): CodeIgniter\CodeIgniter->run()
 8 SYSTEMPATH\Commands\Server\rewrite.php(47): require_once('C:\\Dokumnt\\web_project2024\\dashmondt-master\\public\\index.php')
INFO - 2024-08-07 02:26:22 --> Session: Class initialized using 'CodeIgniter\Session\Handlers\FileHandler' driver.
INFO - 2024-08-07 02:29:42 --> Session: Class initialized using 'CodeIgniter\Session\Handlers\FileHandler' driver.
CRITICAL - 2024-08-07 02:32:11 --> ErrorException: preg_match(): Compilation failed: unmatched closing parenthesis at offset 15
in SYSTEMPATH\Router\Router.php on line 424.
 1 [internal function]: CodeIgniter\Debug\Exceptions->errorHandler(2, 'preg_match(): Compilation failed: unmatched closing parenthesis at offset 15', 'C:\\Dokumnt\\web_project2024\\dashmondt-master\\system\\Router\\Router.php', 424)
 2 SYSTEMPATH\Router\Router.php(424): preg_match('#^testing/pocket)$#u', 'detail', [])
 3 SYSTEMPATH\Router\Router.php(186): CodeIgniter\Router\Router->checkRoutes('detail')
 4 SYSTEMPATH\CodeIgniter.php(823): CodeIgniter\Router\Router->handle('detail')
 5 SYSTEMPATH\CodeIgniter.php(450): CodeIgniter\CodeIgniter->tryToRouteIt(Object(CodeIgniter\Router\RouteCollection))
 6 SYSTEMPATH\CodeIgniter.php(361): CodeIgniter\CodeIgniter->handleRequest(null, Object(Config\Cache), false)
 7 FCPATH\index.php(79): CodeIgniter\CodeIgniter->run()
 8 SYSTEMPATH\Commands\Server\rewrite.php(47): require_once('C:\\Dokumnt\\web_project2024\\dashmondt-master\\public\\index.php')
CRITICAL - 2024-08-07 02:37:05 --> ErrorException: preg_match(): Compilation failed: unmatched closing parenthesis at offset 15
in SYSTEMPATH\Router\Router.php on line 424.
 1 [internal function]: CodeIgniter\Debug\Exceptions->errorHandler(2, 'preg_match(): Compilation failed: unmatched closing parenthesis at offset 15', 'C:\\Dokumnt\\web_project2024\\dashmondt-master\\system\\Router\\Router.php', 424)
 2 SYSTEMPATH\Router\Router.php(424): preg_match('#^testing/pocket)$#u', 'detail', [])
 3 SYSTEMPATH\Router\Router.php(186): CodeIgniter\Router\Router->checkRoutes('detail')
 4 SYSTEMPATH\CodeIgniter.php(823): CodeIgniter\Router\Router->handle('detail')
 5 SYSTEMPATH\CodeIgniter.php(450): CodeIgniter\CodeIgniter->tryToRouteIt(Object(CodeIgniter\Router\RouteCollection))
 6 SYSTEMPATH\CodeIgniter.php(361): CodeIgniter\CodeIgniter->handleRequest(null, Object(Config\Cache), false)
 7 FCPATH\index.php(79): CodeIgniter\CodeIgniter->run()
 8 SYSTEMPATH\Commands\Server\rewrite.php(47): require_once('C:\\Dokumnt\\web_project2024\\dashmondt-master\\public\\index.php')
CRITICAL - 2024-08-07 02:46:45 --> ErrorException: Array to string conversion
in APPPATH\Views\home_2.php on line 85.
 1 APPPATH\Views\home_2.php(85): CodeIgniter\Debug\Exceptions->errorHandler(2, 'Array to string conversion', 'C:\\Dokumnt\\web_project2024\\dashmondt-master\\app\\Views\\home_2.php', 85)
 2 SYSTEMPATH\View\View.php(228): include('C:\\Dokumnt\\web_project2024\\dashmondt-master\\app\\Views\\home_2.php')
 3 SYSTEMPATH\View\View.php(231): CodeIgniter\View\View->CodeIgniter\View\{closure}()
 4 SYSTEMPATH\Common.php(1178): CodeIgniter\View\View->render('home_2', [], true)
 5 APPPATH\Controllers\Home2.php(22): view('home_2', [...])
 6 SYSTEMPATH\CodeIgniter.php(941): App\Controllers\Home2->index()
 7 SYSTEMPATH\CodeIgniter.php(502): CodeIgniter\CodeIgniter->runController(Object(App\Controllers\Home2))
 8 SYSTEMPATH\CodeIgniter.php(361): CodeIgniter\CodeIgniter->handleRequest(null, Object(Config\Cache), false)
 9 FCPATH\index.php(79): CodeIgniter\CodeIgniter->run()
10 SYSTEMPATH\Commands\Server\rewrite.php(47): require_once('C:\\Dokumnt\\web_project2024\\dashmondt-master\\public\\index.php')
CRITICAL - 2024-08-07 02:49:08 --> ErrorException: Attempt to read property "unit" on array
in APPPATH\Views\home_2.php on line 85.
 1 APPPATH\Views\home_2.php(85): CodeIgniter\Debug\Exceptions->errorHandler(2, 'Attempt to read property "unit" on array', 'C:\\Dokumnt\\web_project2024\\dashmondt-master\\app\\Views\\home_2.php', 85)
 2 SYSTEMPATH\View\View.php(228): include('C:\\Dokumnt\\web_project2024\\dashmondt-master\\app\\Views\\home_2.php')
 3 SYSTEMPATH\View\View.php(231): CodeIgniter\View\View->CodeIgniter\View\{closure}()
 4 SYSTEMPATH\Common.php(1178): CodeIgniter\View\View->render('home_2', [], true)
 5 APPPATH\Controllers\Home2.php(22): view('home_2', [...])
 6 SYSTEMPATH\CodeIgniter.php(941): App\Controllers\Home2->index()
 7 SYSTEMPATH\CodeIgniter.php(502): CodeIgniter\CodeIgniter->runController(Object(App\Controllers\Home2))
 8 SYSTEMPATH\CodeIgniter.php(361): CodeIgniter\CodeIgniter->handleRequest(null, Object(Config\Cache), false)
 9 FCPATH\index.php(79): CodeIgniter\CodeIgniter->run()
10 SYSTEMPATH\Commands\Server\rewrite.php(47): require_once('C:\\Dokumnt\\web_project2024\\dashmondt-master\\public\\index.php')
CRITICAL - 2024-08-07 03:05:43 --> ErrorException: Undefined property: stdClass::$id_project
in APPPATH\Views\home_2.php on line 88.
 1 APPPATH\Views\home_2.php(88): CodeIgniter\Debug\Exceptions->errorHandler(2, 'Undefined property: stdClass::$id_project', 'C:\\Dokumnt\\web_project2024\\dashmondt-master\\app\\Views\\home_2.php', 88)
 2 SYSTEMPATH\View\View.php(228): include('C:\\Dokumnt\\web_project2024\\dashmondt-master\\app\\Views\\home_2.php')
 3 SYSTEMPATH\View\View.php(231): CodeIgniter\View\View->CodeIgniter\View\{closure}()
 4 SYSTEMPATH\Common.php(1178): CodeIgniter\View\View->render('home_2', [], true)
 5 APPPATH\Controllers\Home2.php(22): view('home_2', [...])
 6 SYSTEMPATH\CodeIgniter.php(941): App\Controllers\Home2->index()
 7 SYSTEMPATH\CodeIgniter.php(502): CodeIgniter\CodeIgniter->runController(Object(App\Controllers\Home2))
 8 SYSTEMPATH\CodeIgniter.php(361): CodeIgniter\CodeIgniter->handleRequest(null, Object(Config\Cache), false)
 9 FCPATH\index.php(79): CodeIgniter\CodeIgniter->run()
10 SYSTEMPATH\Commands\Server\rewrite.php(47): require_once('C:\\Dokumnt\\web_project2024\\dashmondt-master\\public\\index.php')
CRITICAL - 2024-08-07 03:07:47 --> ErrorException: Undefined array key "id_unit"
in APPPATH\Views\home_2.php on line 85.
 1 APPPATH\Views\home_2.php(85): CodeIgniter\Debug\Exceptions->errorHandler(2, 'Undefined array key "id_unit"', 'C:\\Dokumnt\\web_project2024\\dashmondt-master\\app\\Views\\home_2.php', 85)
 2 SYSTEMPATH\View\View.php(228): include('C:\\Dokumnt\\web_project2024\\dashmondt-master\\app\\Views\\home_2.php')
 3 SYSTEMPATH\View\View.php(231): CodeIgniter\View\View->CodeIgniter\View\{closure}()
 4 SYSTEMPATH\Common.php(1178): CodeIgniter\View\View->render('home_2', [], true)
 5 APPPATH\Controllers\Home2.php(22): view('home_2', [...])
 6 SYSTEMPATH\CodeIgniter.php(941): App\Controllers\Home2->index()
 7 SYSTEMPATH\CodeIgniter.php(502): CodeIgniter\CodeIgniter->runController(Object(App\Controllers\Home2))
 8 SYSTEMPATH\CodeIgniter.php(361): CodeIgniter\CodeIgniter->handleRequest(null, Object(Config\Cache), false)
 9 FCPATH\index.php(79): CodeIgniter\CodeIgniter->run()
10 SYSTEMPATH\Commands\Server\rewrite.php(47): require_once('C:\\Dokumnt\\web_project2024\\dashmondt-master\\public\\index.php')
CRITICAL - 2024-08-07 03:08:31 --> ErrorException: Undefined array key "status"
in APPPATH\Views\home_2.php on line 85.
 1 APPPATH\Views\home_2.php(85): CodeIgniter\Debug\Exceptions->errorHandler(2, 'Undefined array key "status"', 'C:\\Dokumnt\\web_project2024\\dashmondt-master\\app\\Views\\home_2.php', 85)
 2 SYSTEMPATH\View\View.php(228): include('C:\\Dokumnt\\web_project2024\\dashmondt-master\\app\\Views\\home_2.php')
 3 SYSTEMPATH\View\View.php(231): CodeIgniter\View\View->CodeIgniter\View\{closure}()
 4 SYSTEMPATH\Common.php(1178): CodeIgniter\View\View->render('home_2', [], true)
 5 APPPATH\Controllers\Home2.php(22): view('home_2', [...])
 6 SYSTEMPATH\CodeIgniter.php(941): App\Controllers\Home2->index()
 7 SYSTEMPATH\CodeIgniter.php(502): CodeIgniter\CodeIgniter->runController(Object(App\Controllers\Home2))
 8 SYSTEMPATH\CodeIgniter.php(361): CodeIgniter\CodeIgniter->handleRequest(null, Object(Config\Cache), false)
 9 FCPATH\index.php(79): CodeIgniter\CodeIgniter->run()
10 SYSTEMPATH\Commands\Server\rewrite.php(47): require_once('C:\\Dokumnt\\web_project2024\\dashmondt-master\\public\\index.php')
CRITICAL - 2024-08-07 03:11:31 --> ErrorException: Attempt to read property "id_unit" on array
in APPPATH\Views\home_2.php on line 85.
 1 APPPATH\Views\home_2.php(85): CodeIgniter\Debug\Exceptions->errorHandler(2, 'Attempt to read property "id_unit" on array', 'C:\\Dokumnt\\web_project2024\\dashmondt-master\\app\\Views\\home_2.php', 85)
 2 SYSTEMPATH\View\View.php(228): include('C:\\Dokumnt\\web_project2024\\dashmondt-master\\app\\Views\\home_2.php')
 3 SYSTEMPATH\View\View.php(231): CodeIgniter\View\View->CodeIgniter\View\{closure}()
 4 SYSTEMPATH\Common.php(1178): CodeIgniter\View\View->render('home_2', [], true)
 5 APPPATH\Controllers\Home2.php(22): view('home_2', [...])
 6 SYSTEMPATH\CodeIgniter.php(941): App\Controllers\Home2->index()
 7 SYSTEMPATH\CodeIgniter.php(502): CodeIgniter\CodeIgniter->runController(Object(App\Controllers\Home2))
 8 SYSTEMPATH\CodeIgniter.php(361): CodeIgniter\CodeIgniter->handleRequest(null, Object(Config\Cache), false)
 9 FCPATH\index.php(79): CodeIgniter\CodeIgniter->run()
10 SYSTEMPATH\Commands\Server\rewrite.php(47): require_once('C:\\Dokumnt\\web_project2024\\dashmondt-master\\public\\index.php')
CRITICAL - 2024-08-07 03:11:46 --> ErrorException: Undefined array key "id_unit"
in APPPATH\Views\home_2.php on line 85.
 1 APPPATH\Views\home_2.php(85): CodeIgniter\Debug\Exceptions->errorHandler(2, 'Undefined array key "id_unit"', 'C:\\Dokumnt\\web_project2024\\dashmondt-master\\app\\Views\\home_2.php', 85)
 2 SYSTEMPATH\View\View.php(228): include('C:\\Dokumnt\\web_project2024\\dashmondt-master\\app\\Views\\home_2.php')
 3 SYSTEMPATH\View\View.php(231): CodeIgniter\View\View->CodeIgniter\View\{closure}()
 4 SYSTEMPATH\Common.php(1178): CodeIgniter\View\View->render('home_2', [], true)
 5 APPPATH\Controllers\Home2.php(22): view('home_2', [...])
 6 SYSTEMPATH\CodeIgniter.php(941): App\Controllers\Home2->index()
 7 SYSTEMPATH\CodeIgniter.php(502): CodeIgniter\CodeIgniter->runController(Object(App\Controllers\Home2))
 8 SYSTEMPATH\CodeIgniter.php(361): CodeIgniter\CodeIgniter->handleRequest(null, Object(Config\Cache), false)
 9 FCPATH\index.php(79): CodeIgniter\CodeIgniter->run()
10 SYSTEMPATH\Commands\Server\rewrite.php(47): require_once('C:\\Dokumnt\\web_project2024\\dashmondt-master\\public\\index.php')
CRITICAL - 2024-08-07 03:14:03 --> ErrorException: Undefined property: stdClass::$id_unit
in APPPATH\Views\home_2.php on line 86.
 1 APPPATH\Views\home_2.php(86): CodeIgniter\Debug\Exceptions->errorHandler(2, 'Undefined property: stdClass::$id_unit', 'C:\\Dokumnt\\web_project2024\\dashmondt-master\\app\\Views\\home_2.php', 86)
 2 SYSTEMPATH\View\View.php(228): include('C:\\Dokumnt\\web_project2024\\dashmondt-master\\app\\Views\\home_2.php')
 3 SYSTEMPATH\View\View.php(231): CodeIgniter\View\View->CodeIgniter\View\{closure}()
 4 SYSTEMPATH\Common.php(1178): CodeIgniter\View\View->render('home_2', [], true)
 5 APPPATH\Controllers\Home2.php(22): view('home_2', [...])
 6 SYSTEMPATH\CodeIgniter.php(941): App\Controllers\Home2->index()
 7 SYSTEMPATH\CodeIgniter.php(502): CodeIgniter\CodeIgniter->runController(Object(App\Controllers\Home2))
 8 SYSTEMPATH\CodeIgniter.php(361): CodeIgniter\CodeIgniter->handleRequest(null, Object(Config\Cache), false)
 9 FCPATH\index.php(79): CodeIgniter\CodeIgniter->run()
10 SYSTEMPATH\Commands\Server\rewrite.php(47): require_once('C:\\Dokumnt\\web_project2024\\dashmondt-master\\public\\index.php')
CRITICAL - 2024-08-07 03:14:14 --> ErrorException: Undefined property: stdClass::$id
in APPPATH\Views\home_2.php on line 86.
 1 APPPATH\Views\home_2.php(86): CodeIgniter\Debug\Exceptions->errorHandler(2, 'Undefined property: stdClass::$id', 'C:\\Dokumnt\\web_project2024\\dashmondt-master\\app\\Views\\home_2.php', 86)
 2 SYSTEMPATH\View\View.php(228): include('C:\\Dokumnt\\web_project2024\\dashmondt-master\\app\\Views\\home_2.php')
 3 SYSTEMPATH\View\View.php(231): CodeIgniter\View\View->CodeIgniter\View\{closure}()
 4 SYSTEMPATH\Common.php(1178): CodeIgniter\View\View->render('home_2', [], true)
 5 APPPATH\Controllers\Home2.php(22): view('home_2', [...])
 6 SYSTEMPATH\CodeIgniter.php(941): App\Controllers\Home2->index()
 7 SYSTEMPATH\CodeIgniter.php(502): CodeIgniter\CodeIgniter->runController(Object(App\Controllers\Home2))
 8 SYSTEMPATH\CodeIgniter.php(361): CodeIgniter\CodeIgniter->handleRequest(null, Object(Config\Cache), false)
 9 FCPATH\index.php(79): CodeIgniter\CodeIgniter->run()
10 SYSTEMPATH\Commands\Server\rewrite.php(47): require_once('C:\\Dokumnt\\web_project2024\\dashmondt-master\\public\\index.php')
CRITICAL - 2024-08-07 03:14:39 --> ErrorException: Attempt to read property "id" on array
in APPPATH\Views\home_2.php on line 86.
 1 APPPATH\Views\home_2.php(86): CodeIgniter\Debug\Exceptions->errorHandler(2, 'Attempt to read property "id" on array', 'C:\\Dokumnt\\web_project2024\\dashmondt-master\\app\\Views\\home_2.php', 86)
 2 SYSTEMPATH\View\View.php(228): include('C:\\Dokumnt\\web_project2024\\dashmondt-master\\app\\Views\\home_2.php')
 3 SYSTEMPATH\View\View.php(231): CodeIgniter\View\View->CodeIgniter\View\{closure}()
 4 SYSTEMPATH\Common.php(1178): CodeIgniter\View\View->render('home_2', [], true)
 5 APPPATH\Controllers\Home2.php(22): view('home_2', [...])
 6 SYSTEMPATH\CodeIgniter.php(941): App\Controllers\Home2->index()
 7 SYSTEMPATH\CodeIgniter.php(502): CodeIgniter\CodeIgniter->runController(Object(App\Controllers\Home2))
 8 SYSTEMPATH\CodeIgniter.php(361): CodeIgniter\CodeIgniter->handleRequest(null, Object(Config\Cache), false)
 9 FCPATH\index.php(79): CodeIgniter\CodeIgniter->run()
10 SYSTEMPATH\Commands\Server\rewrite.php(47): require_once('C:\\Dokumnt\\web_project2024\\dashmondt-master\\public\\index.php')
CRITICAL - 2024-08-07 03:14:45 --> ErrorException: Attempt to read property "id_unit" on array
in APPPATH\Views\home_2.php on line 86.
 1 APPPATH\Views\home_2.php(86): CodeIgniter\Debug\Exceptions->errorHandler(2, 'Attempt to read property "id_unit" on array', 'C:\\Dokumnt\\web_project2024\\dashmondt-master\\app\\Views\\home_2.php', 86)
 2 SYSTEMPATH\View\View.php(228): include('C:\\Dokumnt\\web_project2024\\dashmondt-master\\app\\Views\\home_2.php')
 3 SYSTEMPATH\View\View.php(231): CodeIgniter\View\View->CodeIgniter\View\{closure}()
 4 SYSTEMPATH\Common.php(1178): CodeIgniter\View\View->render('home_2', [], true)
 5 APPPATH\Controllers\Home2.php(22): view('home_2', [...])
 6 SYSTEMPATH\CodeIgniter.php(941): App\Controllers\Home2->index()
 7 SYSTEMPATH\CodeIgniter.php(502): CodeIgniter\CodeIgniter->runController(Object(App\Controllers\Home2))
 8 SYSTEMPATH\CodeIgniter.php(361): CodeIgniter\CodeIgniter->handleRequest(null, Object(Config\Cache), false)
 9 FCPATH\index.php(79): CodeIgniter\CodeIgniter->run()
10 SYSTEMPATH\Commands\Server\rewrite.php(47): require_once('C:\\Dokumnt\\web_project2024\\dashmondt-master\\public\\index.php')
CRITICAL - 2024-08-07 03:14:59 --> ErrorException: Undefined array key "id_unit"
in APPPATH\Views\home_2.php on line 86.
 1 APPPATH\Views\home_2.php(86): CodeIgniter\Debug\Exceptions->errorHandler(2, 'Undefined array key "id_unit"', 'C:\\Dokumnt\\web_project2024\\dashmondt-master\\app\\Views\\home_2.php', 86)
 2 SYSTEMPATH\View\View.php(228): include('C:\\Dokumnt\\web_project2024\\dashmondt-master\\app\\Views\\home_2.php')
 3 SYSTEMPATH\View\View.php(231): CodeIgniter\View\View->CodeIgniter\View\{closure}()
 4 SYSTEMPATH\Common.php(1178): CodeIgniter\View\View->render('home_2', [], true)
 5 APPPATH\Controllers\Home2.php(22): view('home_2', [...])
 6 SYSTEMPATH\CodeIgniter.php(941): App\Controllers\Home2->index()
 7 SYSTEMPATH\CodeIgniter.php(502): CodeIgniter\CodeIgniter->runController(Object(App\Controllers\Home2))
 8 SYSTEMPATH\CodeIgniter.php(361): CodeIgniter\CodeIgniter->handleRequest(null, Object(Config\Cache), false)
 9 FCPATH\index.php(79): CodeIgniter\CodeIgniter->run()
10 SYSTEMPATH\Commands\Server\rewrite.php(47): require_once('C:\\Dokumnt\\web_project2024\\dashmondt-master\\public\\index.php')
CRITICAL - 2024-08-07 03:15:53 --> ParseError: syntax error, unexpected end of file
in APPPATH\Views\home_2.php on line 120.
 1 SYSTEMPATH\View\View.php(231): CodeIgniter\View\View->CodeIgniter\View\{closure}()
 2 SYSTEMPATH\Common.php(1178): CodeIgniter\View\View->render('home_2', [], true)
 3 APPPATH\Controllers\Home2.php(22): view('home_2', [...])
 4 SYSTEMPATH\CodeIgniter.php(941): App\Controllers\Home2->index()
 5 SYSTEMPATH\CodeIgniter.php(502): CodeIgniter\CodeIgniter->runController(Object(App\Controllers\Home2))
 6 SYSTEMPATH\CodeIgniter.php(361): CodeIgniter\CodeIgniter->handleRequest(null, Object(Config\Cache), false)
 7 FCPATH\index.php(79): CodeIgniter\CodeIgniter->run()
 8 SYSTEMPATH\Commands\Server\rewrite.php(47): require_once('C:\\Dokumnt\\web_project2024\\dashmondt-master\\public\\index.php')
CRITICAL - 2024-08-07 03:16:00 --> ErrorException: Undefined property: stdClass::$id_unit
in APPPATH\Views\home_2.php on line 86.
 1 APPPATH\Views\home_2.php(86): CodeIgniter\Debug\Exceptions->errorHandler(2, 'Undefined property: stdClass::$id_unit', 'C:\\Dokumnt\\web_project2024\\dashmondt-master\\app\\Views\\home_2.php', 86)
 2 SYSTEMPATH\View\View.php(228): include('C:\\Dokumnt\\web_project2024\\dashmondt-master\\app\\Views\\home_2.php')
 3 SYSTEMPATH\View\View.php(231): CodeIgniter\View\View->CodeIgniter\View\{closure}()
 4 SYSTEMPATH\Common.php(1178): CodeIgniter\View\View->render('home_2', [], true)
 5 APPPATH\Controllers\Home2.php(22): view('home_2', [...])
 6 SYSTEMPATH\CodeIgniter.php(941): App\Controllers\Home2->index()
 7 SYSTEMPATH\CodeIgniter.php(502): CodeIgniter\CodeIgniter->runController(Object(App\Controllers\Home2))
 8 SYSTEMPATH\CodeIgniter.php(361): CodeIgniter\CodeIgniter->handleRequest(null, Object(Config\Cache), false)
 9 FCPATH\index.php(79): CodeIgniter\CodeIgniter->run()
10 SYSTEMPATH\Commands\Server\rewrite.php(47): require_once('C:\\Dokumnt\\web_project2024\\dashmondt-master\\public\\index.php')
CRITICAL - 2024-08-07 03:16:06 --> ErrorException: Undefined property: stdClass::$id
in APPPATH\Views\home_2.php on line 86.
 1 APPPATH\Views\home_2.php(86): CodeIgniter\Debug\Exceptions->errorHandler(2, 'Undefined property: stdClass::$id', 'C:\\Dokumnt\\web_project2024\\dashmondt-master\\app\\Views\\home_2.php', 86)
 2 SYSTEMPATH\View\View.php(228): include('C:\\Dokumnt\\web_project2024\\dashmondt-master\\app\\Views\\home_2.php')
 3 SYSTEMPATH\View\View.php(231): CodeIgniter\View\View->CodeIgniter\View\{closure}()
 4 SYSTEMPATH\Common.php(1178): CodeIgniter\View\View->render('home_2', [], true)
 5 APPPATH\Controllers\Home2.php(22): view('home_2', [...])
 6 SYSTEMPATH\CodeIgniter.php(941): App\Controllers\Home2->index()
 7 SYSTEMPATH\CodeIgniter.php(502): CodeIgniter\CodeIgniter->runController(Object(App\Controllers\Home2))
 8 SYSTEMPATH\CodeIgniter.php(361): CodeIgniter\CodeIgniter->handleRequest(null, Object(Config\Cache), false)
 9 FCPATH\index.php(79): CodeIgniter\CodeIgniter->run()
10 SYSTEMPATH\Commands\Server\rewrite.php(47): require_once('C:\\Dokumnt\\web_project2024\\dashmondt-master\\public\\index.php')
CRITICAL - 2024-08-07 03:18:52 --> ErrorException: Undefined variable $data
in APPPATH\Views\home_2.php on line 25.
 1 APPPATH\Views\home_2.php(25): CodeIgniter\Debug\Exceptions->errorHandler(2, 'Undefined variable $data', 'C:\\Dokumnt\\web_project2024\\dashmondt-master\\app\\Views\\home_2.php', 25)
 2 SYSTEMPATH\View\View.php(228): include('C:\\Dokumnt\\web_project2024\\dashmondt-master\\app\\Views\\home_2.php')
 3 SYSTEMPATH\View\View.php(231): CodeIgniter\View\View->CodeIgniter\View\{closure}()
 4 SYSTEMPATH\Common.php(1178): CodeIgniter\View\View->render('home_2', [], true)
 5 APPPATH\Controllers\Home2.php(22): view('home_2', [...])
 6 SYSTEMPATH\CodeIgniter.php(941): App\Controllers\Home2->index()
 7 SYSTEMPATH\CodeIgniter.php(502): CodeIgniter\CodeIgniter->runController(Object(App\Controllers\Home2))
 8 SYSTEMPATH\CodeIgniter.php(361): CodeIgniter\CodeIgniter->handleRequest(null, Object(Config\Cache), false)
 9 FCPATH\index.php(79): CodeIgniter\CodeIgniter->run()
10 SYSTEMPATH\Commands\Server\rewrite.php(47): require_once('C:\\Dokumnt\\web_project2024\\dashmondt-master\\public\\index.php')
INFO - 2024-08-07 05:20:38 --> Session: Class initialized using 'CodeIgniter\Session\Handlers\FileHandler' driver.
CRITICAL - 2024-08-07 06:14:55 --> ErrorException: Array to string conversion
in APPPATH\Views\report\laporan_detail.php on line 17.
 1 APPPATH\Views\report\laporan_detail.php(17): CodeIgniter\Debug\Exceptions->errorHandler(2, 'Array to string conversion', 'C:\\Dokumnt\\web_project2024\\dashmondt-master\\app\\Views\\report\\laporan_detail.php', 17)
 2 SYSTEMPATH\View\View.php(228): include('C:\\Dokumnt\\web_project2024\\dashmondt-master\\app\\Views\\report\\laporan_detail.php')
 3 SYSTEMPATH\View\View.php(231): CodeIgniter\View\View->CodeIgniter\View\{closure}()
 4 SYSTEMPATH\Common.php(1178): CodeIgniter\View\View->render('report/laporan_detail', [], true)
 5 APPPATH\Controllers\Report.php(58): view('report/laporan_detail', [...])
 6 SYSTEMPATH\CodeIgniter.php(941): App\Controllers\Report->laporandetail()
 7 SYSTEMPATH\CodeIgniter.php(502): CodeIgniter\CodeIgniter->runController(Object(App\Controllers\Report))
 8 SYSTEMPATH\CodeIgniter.php(361): CodeIgniter\CodeIgniter->handleRequest(null, Object(Config\Cache), false)
 9 FCPATH\index.php(79): CodeIgniter\CodeIgniter->run()
10 SYSTEMPATH\Commands\Server\rewrite.php(47): require_once('C:\\Dokumnt\\web_project2024\\dashmondt-master\\public\\index.php')
CRITICAL - 2024-08-07 06:15:26 --> Error: Cannot use object of type stdClass as array
in APPPATH\Views\report\laporan_detail.php on line 16.
 1 SYSTEMPATH\View\View.php(228): include()
 2 SYSTEMPATH\View\View.php(231): CodeIgniter\View\View->CodeIgniter\View\{closure}()
 3 SYSTEMPATH\Common.php(1178): CodeIgniter\View\View->render('report/laporan_detail', [], true)
 4 APPPATH\Controllers\Report.php(58): view('report/laporan_detail', [...])
 5 SYSTEMPATH\CodeIgniter.php(941): App\Controllers\Report->laporandetail()
 6 SYSTEMPATH\CodeIgniter.php(502): CodeIgniter\CodeIgniter->runController(Object(App\Controllers\Report))
 7 SYSTEMPATH\CodeIgniter.php(361): CodeIgniter\CodeIgniter->handleRequest(null, Object(Config\Cache), false)
 8 FCPATH\index.php(79): CodeIgniter\CodeIgniter->run()
 9 SYSTEMPATH\Commands\Server\rewrite.php(47): require_once('C:\\Dokumnt\\web_project2024\\dashmondt-master\\public\\index.php')
CRITICAL - 2024-08-07 06:15:36 --> ErrorException: Array to string conversion
in APPPATH\Views\report\laporan_detail.php on line 17.
 1 APPPATH\Views\report\laporan_detail.php(17): CodeIgniter\Debug\Exceptions->errorHandler(2, 'Array to string conversion', 'C:\\Dokumnt\\web_project2024\\dashmondt-master\\app\\Views\\report\\laporan_detail.php', 17)
 2 SYSTEMPATH\View\View.php(228): include('C:\\Dokumnt\\web_project2024\\dashmondt-master\\app\\Views\\report\\laporan_detail.php')
 3 SYSTEMPATH\View\View.php(231): CodeIgniter\View\View->CodeIgniter\View\{closure}()
 4 SYSTEMPATH\Common.php(1178): CodeIgniter\View\View->render('report/laporan_detail', [], true)
 5 APPPATH\Controllers\Report.php(58): view('report/laporan_detail', [...])
 6 SYSTEMPATH\CodeIgniter.php(941): App\Controllers\Report->laporandetail()
 7 SYSTEMPATH\CodeIgniter.php(502): CodeIgniter\CodeIgniter->runController(Object(App\Controllers\Report))
 8 SYSTEMPATH\CodeIgniter.php(361): CodeIgniter\CodeIgniter->handleRequest(null, Object(Config\Cache), false)
 9 FCPATH\index.php(79): CodeIgniter\CodeIgniter->run()
10 SYSTEMPATH\Commands\Server\rewrite.php(47): require_once('C:\\Dokumnt\\web_project2024\\dashmondt-master\\public\\index.php')
CRITICAL - 2024-08-07 06:23:16 --> TypeError: str_contains(): Argument #2 ($needle) must be of type string, array given
in APPPATH\Views\report\laporan_detail.php on line 26.
 1 APPPATH\Views\report\laporan_detail.php(26): str_contains('G 319', [...])
 2 SYSTEMPATH\View\View.php(228): include('C:\\Dokumnt\\web_project2024\\dashmondt-master\\app\\Views\\report\\laporan_detail.php')
 3 SYSTEMPATH\View\View.php(231): CodeIgniter\View\View->CodeIgniter\View\{closure}()
 4 SYSTEMPATH\Common.php(1178): CodeIgniter\View\View->render('report/laporan_detail', [], true)
 5 APPPATH\Controllers\Report.php(58): view('report/laporan_detail', [...])
 6 SYSTEMPATH\CodeIgniter.php(941): App\Controllers\Report->laporandetail()
 7 SYSTEMPATH\CodeIgniter.php(502): CodeIgniter\CodeIgniter->runController(Object(App\Controllers\Report))
 8 SYSTEMPATH\CodeIgniter.php(361): CodeIgniter\CodeIgniter->handleRequest(null, Object(Config\Cache), false)
 9 FCPATH\index.php(79): CodeIgniter\CodeIgniter->run()
10 SYSTEMPATH\Commands\Server\rewrite.php(47): require_once('C:\\Dokumnt\\web_project2024\\dashmondt-master\\public\\index.php')
CRITICAL - 2024-08-07 06:24:20 --> TypeError: strpos(): Argument #2 ($needle) must be of type string, array given
in APPPATH\Views\report\laporan_detail.php on line 26.
 1 APPPATH\Views\report\laporan_detail.php(26): strpos('G 319', [...])
 2 SYSTEMPATH\View\View.php(228): include('C:\\Dokumnt\\web_project2024\\dashmondt-master\\app\\Views\\report\\laporan_detail.php')
 3 SYSTEMPATH\View\View.php(231): CodeIgniter\View\View->CodeIgniter\View\{closure}()
 4 SYSTEMPATH\Common.php(1178): CodeIgniter\View\View->render('report/laporan_detail', [], true)
 5 APPPATH\Controllers\Report.php(58): view('report/laporan_detail', [...])
 6 SYSTEMPATH\CodeIgniter.php(941): App\Controllers\Report->laporandetail()
 7 SYSTEMPATH\CodeIgniter.php(502): CodeIgniter\CodeIgniter->runController(Object(App\Controllers\Report))
 8 SYSTEMPATH\CodeIgniter.php(361): CodeIgniter\CodeIgniter->handleRequest(null, Object(Config\Cache), false)
 9 FCPATH\index.php(79): CodeIgniter\CodeIgniter->run()
10 SYSTEMPATH\Commands\Server\rewrite.php(47): require_once('C:\\Dokumnt\\web_project2024\\dashmondt-master\\public\\index.php')
CRITICAL - 2024-08-07 06:25:47 --> TypeError: strpos(): Argument #2 ($needle) must be of type string, array given
in APPPATH\Views\report\laporan_detail.php on line 26.
 1 APPPATH\Views\report\laporan_detail.php(26): strpos('G 319', [...])
 2 SYSTEMPATH\View\View.php(228): include('C:\\Dokumnt\\web_project2024\\dashmondt-master\\app\\Views\\report\\laporan_detail.php')
 3 SYSTEMPATH\View\View.php(231): CodeIgniter\View\View->CodeIgniter\View\{closure}()
 4 SYSTEMPATH\Common.php(1178): CodeIgniter\View\View->render('report/laporan_detail', [], true)
 5 APPPATH\Controllers\Report.php(58): view('report/laporan_detail', [...])
 6 SYSTEMPATH\CodeIgniter.php(941): App\Controllers\Report->laporandetail()
 7 SYSTEMPATH\CodeIgniter.php(502): CodeIgniter\CodeIgniter->runController(Object(App\Controllers\Report))
 8 SYSTEMPATH\CodeIgniter.php(361): CodeIgniter\CodeIgniter->handleRequest(null, Object(Config\Cache), false)
 9 FCPATH\index.php(79): CodeIgniter\CodeIgniter->run()
10 SYSTEMPATH\Commands\Server\rewrite.php(47): require_once('C:\\Dokumnt\\web_project2024\\dashmondt-master\\public\\index.php')
CRITICAL - 2024-08-07 06:27:17 --> ParseError: syntax error, unexpected token "[", expecting "("
in APPPATH\Views\report\laporan_detail.php on line 17.
 1 SYSTEMPATH\View\View.php(231): CodeIgniter\View\View->CodeIgniter\View\{closure}()
 2 SYSTEMPATH\Common.php(1178): CodeIgniter\View\View->render('report/laporan_detail', [], true)
 3 APPPATH\Controllers\Report.php(58): view('report/laporan_detail', [...])
 4 SYSTEMPATH\CodeIgniter.php(941): App\Controllers\Report->laporandetail()
 5 SYSTEMPATH\CodeIgniter.php(502): CodeIgniter\CodeIgniter->runController(Object(App\Controllers\Report))
 6 SYSTEMPATH\CodeIgniter.php(361): CodeIgniter\CodeIgniter->handleRequest(null, Object(Config\Cache), false)
 7 FCPATH\index.php(79): CodeIgniter\CodeIgniter->run()
 8 SYSTEMPATH\Commands\Server\rewrite.php(47): require_once('C:\\Dokumnt\\web_project2024\\dashmondt-master\\public\\index.php')
CRITICAL - 2024-08-07 06:27:39 --> TypeError: strpos(): Argument #2 ($needle) must be of type string, array given
in APPPATH\Views\report\laporan_detail.php on line 25.
 1 APPPATH\Views\report\laporan_detail.php(25): strpos('G 319', [...])
 2 SYSTEMPATH\View\View.php(228): include('C:\\Dokumnt\\web_project2024\\dashmondt-master\\app\\Views\\report\\laporan_detail.php')
 3 SYSTEMPATH\View\View.php(231): CodeIgniter\View\View->CodeIgniter\View\{closure}()
 4 SYSTEMPATH\Common.php(1178): CodeIgniter\View\View->render('report/laporan_detail', [], true)
 5 APPPATH\Controllers\Report.php(58): view('report/laporan_detail', [...])
 6 SYSTEMPATH\CodeIgniter.php(941): App\Controllers\Report->laporandetail()
 7 SYSTEMPATH\CodeIgniter.php(502): CodeIgniter\CodeIgniter->runController(Object(App\Controllers\Report))
 8 SYSTEMPATH\CodeIgniter.php(361): CodeIgniter\CodeIgniter->handleRequest(null, Object(Config\Cache), false)
 9 FCPATH\index.php(79): CodeIgniter\CodeIgniter->run()
10 SYSTEMPATH\Commands\Server\rewrite.php(47): require_once('C:\\Dokumnt\\web_project2024\\dashmondt-master\\public\\index.php')
CRITICAL - 2024-08-07 06:32:39 --> TypeError: in_array(): Argument #2 ($haystack) must be of type array, string given
in APPPATH\Views\report\laporan_detail.php on line 24.
 1 APPPATH\Views\report\laporan_detail.php(24): in_array([...], 'G 319')
 2 SYSTEMPATH\View\View.php(228): include('C:\\Dokumnt\\web_project2024\\dashmondt-master\\app\\Views\\report\\laporan_detail.php')
 3 SYSTEMPATH\View\View.php(231): CodeIgniter\View\View->CodeIgniter\View\{closure}()
 4 SYSTEMPATH\Common.php(1178): CodeIgniter\View\View->render('report/laporan_detail', [], true)
 5 APPPATH\Controllers\Report.php(58): view('report/laporan_detail', [...])
 6 SYSTEMPATH\CodeIgniter.php(941): App\Controllers\Report->laporandetail()
 7 SYSTEMPATH\CodeIgniter.php(502): CodeIgniter\CodeIgniter->runController(Object(App\Controllers\Report))
 8 SYSTEMPATH\CodeIgniter.php(361): CodeIgniter\CodeIgniter->handleRequest(null, Object(Config\Cache), false)
 9 FCPATH\index.php(79): CodeIgniter\CodeIgniter->run()
10 SYSTEMPATH\Commands\Server\rewrite.php(47): require_once('C:\\Dokumnt\\web_project2024\\dashmondt-master\\public\\index.php')
CRITICAL - 2024-08-07 06:33:30 --> TypeError: in_array(): Argument #2 ($haystack) must be of type array, string given
in APPPATH\Views\report\laporan_detail.php on line 24.
 1 APPPATH\Views\report\laporan_detail.php(24): in_array([...], 'G 319')
 2 SYSTEMPATH\View\View.php(228): include('C:\\Dokumnt\\web_project2024\\dashmondt-master\\app\\Views\\report\\laporan_detail.php')
 3 SYSTEMPATH\View\View.php(231): CodeIgniter\View\View->CodeIgniter\View\{closure}()
 4 SYSTEMPATH\Common.php(1178): CodeIgniter\View\View->render('report/laporan_detail', [], true)
 5 APPPATH\Controllers\Report.php(58): view('report/laporan_detail', [...])
 6 SYSTEMPATH\CodeIgniter.php(941): App\Controllers\Report->laporandetail()
 7 SYSTEMPATH\CodeIgniter.php(502): CodeIgniter\CodeIgniter->runController(Object(App\Controllers\Report))
 8 SYSTEMPATH\CodeIgniter.php(361): CodeIgniter\CodeIgniter->handleRequest(null, Object(Config\Cache), false)
 9 FCPATH\index.php(79): CodeIgniter\CodeIgniter->run()
10 SYSTEMPATH\Commands\Server\rewrite.php(47): require_once('C:\\Dokumnt\\web_project2024\\dashmondt-master\\public\\index.php')
CRITICAL - 2024-08-07 06:34:51 --> ErrorException: Array to string conversion
in APPPATH\Views\report\laporan_detail.php on line 24.
 1 APPPATH\Views\report\laporan_detail.php(24): CodeIgniter\Debug\Exceptions->errorHandler(2, 'Array to string conversion', 'C:\\Dokumnt\\web_project2024\\dashmondt-master\\app\\Views\\report\\laporan_detail.php', 24)
 2 SYSTEMPATH\View\View.php(228): include('C:\\Dokumnt\\web_project2024\\dashmondt-master\\app\\Views\\report\\laporan_detail.php')
 3 SYSTEMPATH\View\View.php(231): CodeIgniter\View\View->CodeIgniter\View\{closure}()
 4 SYSTEMPATH\Common.php(1178): CodeIgniter\View\View->render('report/laporan_detail', [], true)
 5 APPPATH\Controllers\Report.php(58): view('report/laporan_detail', [...])
 6 SYSTEMPATH\CodeIgniter.php(941): App\Controllers\Report->laporandetail()
 7 SYSTEMPATH\CodeIgniter.php(502): CodeIgniter\CodeIgniter->runController(Object(App\Controllers\Report))
 8 SYSTEMPATH\CodeIgniter.php(361): CodeIgniter\CodeIgniter->handleRequest(null, Object(Config\Cache), false)
 9 FCPATH\index.php(79): CodeIgniter\CodeIgniter->run()
10 SYSTEMPATH\Commands\Server\rewrite.php(47): require_once('C:\\Dokumnt\\web_project2024\\dashmondt-master\\public\\index.php')
CRITICAL - 2024-08-07 06:37:01 --> ParseError: syntax error, unexpected variable "$hinozs", expecting ")"
in APPPATH\Views\report\laporan_detail.php on line 23.
 1 SYSTEMPATH\View\View.php(231): CodeIgniter\View\View->CodeIgniter\View\{closure}()
 2 SYSTEMPATH\Common.php(1178): CodeIgniter\View\View->render('report/laporan_detail', [], true)
 3 APPPATH\Controllers\Report.php(58): view('report/laporan_detail', [...])
 4 SYSTEMPATH\CodeIgniter.php(941): App\Controllers\Report->laporandetail()
 5 SYSTEMPATH\CodeIgniter.php(502): CodeIgniter\CodeIgniter->runController(Object(App\Controllers\Report))
 6 SYSTEMPATH\CodeIgniter.php(361): CodeIgniter\CodeIgniter->handleRequest(null, Object(Config\Cache), false)
 7 FCPATH\index.php(79): CodeIgniter\CodeIgniter->run()
 8 SYSTEMPATH\Commands\Server\rewrite.php(47): require_once('C:\\Dokumnt\\web_project2024\\dashmondt-master\\public\\index.php')
CRITICAL - 2024-08-07 06:38:02 --> TypeError: in_array(): Argument #2 ($haystack) must be of type array, string given
in APPPATH\Views\report\laporan_detail.php on line 26.
 1 APPPATH\Views\report\laporan_detail.php(26): in_array('DT-260,DT-261,DT-262,DT-263,DT-264,DT-265,DT-266,DT-267,DT-268,DT-269,DT-270,DT-271,DT-272,DT-273,DT-274,DT-275,DT-276,DT-277,DT-278,DT-279,DT-280,DT-281,DT-282,DT-283,DT-284,DT-285,DT-286,DT-287,DT-288,DT-289,DT-290,DT-291,DT-292,DT-293,DT-294,DT-295,DT-296,DT-297,DT-298,DT-299,DT-300,DT-301,DT-302,DT-303,DT-304,DT-305,DT-306,DT-307,DT-308,DT-309', 'G 319')
 2 SYSTEMPATH\View\View.php(228): include('C:\\Dokumnt\\web_project2024\\dashmondt-master\\app\\Views\\report\\laporan_detail.php')
 3 SYSTEMPATH\View\View.php(231): CodeIgniter\View\View->CodeIgniter\View\{closure}()
 4 SYSTEMPATH\Common.php(1178): CodeIgniter\View\View->render('report/laporan_detail', [], true)
 5 APPPATH\Controllers\Report.php(58): view('report/laporan_detail', [...])
 6 SYSTEMPATH\CodeIgniter.php(941): App\Controllers\Report->laporandetail()
 7 SYSTEMPATH\CodeIgniter.php(502): CodeIgniter\CodeIgniter->runController(Object(App\Controllers\Report))
 8 SYSTEMPATH\CodeIgniter.php(361): CodeIgniter\CodeIgniter->handleRequest(null, Object(Config\Cache), false)
 9 FCPATH\index.php(79): CodeIgniter\CodeIgniter->run()
10 SYSTEMPATH\Commands\Server\rewrite.php(47): require_once('C:\\Dokumnt\\web_project2024\\dashmondt-master\\public\\index.php')
INFO - 2024-08-07 07:28:45 --> Session: Class initialized using 'CodeIgniter\Session\Handlers\FileHandler' driver.
CRITICAL - 2024-08-07 07:28:46 --> ParseError: syntax error, unexpected token ","
in APPPATH\Views\home_2.php on line 94.
 1 SYSTEMPATH\View\View.php(231): CodeIgniter\View\View->CodeIgniter\View\{closure}()
 2 SYSTEMPATH\Common.php(1178): CodeIgniter\View\View->render('home_2', [], true)
 3 APPPATH\Controllers\Home2.php(22): view('home_2', [...])
 4 SYSTEMPATH\CodeIgniter.php(941): App\Controllers\Home2->index()
 5 SYSTEMPATH\CodeIgniter.php(502): CodeIgniter\CodeIgniter->runController(Object(App\Controllers\Home2))
 6 SYSTEMPATH\CodeIgniter.php(361): CodeIgniter\CodeIgniter->handleRequest(null, Object(Config\Cache), false)
 7 FCPATH\index.php(79): CodeIgniter\CodeIgniter->run()
 8 SYSTEMPATH\Commands\Server\rewrite.php(47): require_once('C:\\Dokumnt\\web_project2024\\dashmondt-master\\public\\index.php')
INFO - 2024-08-07 08:02:11 --> Session: Class initialized using 'CodeIgniter\Session\Handlers\FileHandler' driver.
INFO - 2024-08-07 08:03:09 --> Session: Class initialized using 'CodeIgniter\Session\Handlers\FileHandler' driver.
INFO - 2024-08-07 08:03:17 --> Session: Class initialized using 'CodeIgniter\Session\Handlers\FileHandler' driver.
INFO - 2024-08-07 08:03:17 --> Session: Class initialized using 'CodeIgniter\Session\Handlers\FileHandler' driver.
INFO - 2024-08-07 08:03:31 --> Session: Class initialized using 'CodeIgniter\Session\Handlers\FileHandler' driver.
INFO - 2024-08-07 08:09:59 --> Session: Class initialized using 'CodeIgniter\Session\Handlers\FileHandler' driver.
INFO - 2024-08-07 08:10:02 --> Session: Class initialized using 'CodeIgniter\Session\Handlers\FileHandler' driver.
INFO - 2024-08-07 08:10:36 --> Session: Class initialized using 'CodeIgniter\Session\Handlers\FileHandler' driver.
INFO - 2024-08-07 08:11:28 --> Session: Class initialized using 'CodeIgniter\Session\Handlers\FileHandler' driver.
INFO - 2024-08-07 08:12:21 --> Session: Class initialized using 'CodeIgniter\Session\Handlers\FileHandler' driver.
INFO - 2024-08-07 08:13:19 --> Session: Class initialized using 'CodeIgniter\Session\Handlers\FileHandler' driver.
INFO - 2024-08-07 08:15:46 --> Session: Class initialized using 'CodeIgniter\Session\Handlers\FileHandler' driver.
INFO - 2024-08-07 08:16:35 --> Session: Class initialized using 'CodeIgniter\Session\Handlers\FileHandler' driver.
INFO - 2024-08-07 08:17:55 --> Session: Class initialized using 'CodeIgniter\Session\Handlers\FileHandler' driver.
INFO - 2024-08-07 08:18:20 --> Session: Class initialized using 'CodeIgniter\Session\Handlers\FileHandler' driver.
INFO - 2024-08-07 08:18:40 --> Session: Class initialized using 'CodeIgniter\Session\Handlers\FileHandler' driver.
INFO - 2024-08-07 08:19:49 --> Session: Class initialized using 'CodeIgniter\Session\Handlers\FileHandler' driver.
INFO - 2024-08-07 08:26:48 --> Session: Class initialized using 'CodeIgniter\Session\Handlers\FileHandler' driver.
INFO - 2024-08-07 08:29:49 --> Session: Class initialized using 'CodeIgniter\Session\Handlers\FileHandler' driver.
INFO - 2024-08-07 08:30:08 --> Session: Class initialized using 'CodeIgniter\Session\Handlers\FileHandler' driver.
INFO - 2024-08-07 08:31:05 --> Session: Class initialized using 'CodeIgniter\Session\Handlers\FileHandler' driver.
INFO - 2024-08-07 08:31:16 --> Session: Class initialized using 'CodeIgniter\Session\Handlers\FileHandler' driver.
INFO - 2024-08-07 08:37:28 --> Session: Class initialized using 'CodeIgniter\Session\Handlers\FileHandler' driver.
INFO - 2024-08-07 08:38:00 --> Session: Class initialized using 'CodeIgniter\Session\Handlers\FileHandler' driver.
INFO - 2024-08-07 08:39:00 --> Session: Class initialized using 'CodeIgniter\Session\Handlers\FileHandler' driver.
INFO - 2024-08-07 08:39:01 --> Session: Class initialized using 'CodeIgniter\Session\Handlers\FileHandler' driver.
