INFO - 2024-07-24 03:09:55 --> Session: Class initialized using 'CodeIgniter\Session\Handlers\FileHandler' driver.
CRITICAL - 2024-07-24 03:09:57 --> ErrorException: Undefined variable $query
in APPPATH\Controllers\Report.php on line 59.
 1 APPPATH\Controllers\Report.php(59): CodeIgniter\Debug\Exceptions->errorHandler(2, 'Undefined variable $query', 'C:\\Dokumnt\\web_project2024\\dashmondt-master\\app\\Controllers\\Report.php', 59)
 2 SYSTEMPATH\CodeIgniter.php(941): App\Controllers\Report->laporandetail()
 3 SYSTEMPATH\CodeIgniter.php(502): CodeIgniter\CodeIgniter->runController(Object(App\Controllers\Report))
 4 SYSTEMPATH\CodeIgniter.php(361): CodeIgniter\CodeIgniter->handleRequest(null, Object(Config\Cache), false)
 5 FCPATH\index.php(79): CodeIgniter\CodeIgniter->run()
 6 SYSTEMPATH\Commands\Server\rewrite.php(47): require_once('C:\\Dokumnt\\web_project2024\\dashmondt-master\\public\\index.php')
CRITICAL - 2024-07-24 03:14:52 --> ErrorException: Undefined variable $listproject
in APPPATH\Views\report\laporan_filter.php on line 50.
 1 APPPATH\Views\report\laporan_filter.php(50): CodeIgniter\Debug\Exceptions->errorHandler(2, 'Undefined variable $listproject', 'C:\\Dokumnt\\web_project2024\\dashmondt-master\\app\\Views\\report\\laporan_filter.php', 50)
 2 SYSTEMPATH\View\View.php(228): include('C:\\Dokumnt\\web_project2024\\dashmondt-master\\app\\Views\\report\\laporan_filter.php')
 3 SYSTEMPATH\View\View.php(231): CodeIgniter\View\View->CodeIgniter\View\{closure}()
 4 SYSTEMPATH\Common.php(1178): CodeIgniter\View\View->render('report/laporan_filter', [], true)
 5 APPPATH\Controllers\Report.php(113): view('report/laporan_filter', [...])
 6 SYSTEMPATH\CodeIgniter.php(941): App\Controllers\Report->filter()
 7 SYSTEMPATH\CodeIgniter.php(502): CodeIgniter\CodeIgniter->runController(Object(App\Controllers\Report))
 8 SYSTEMPATH\CodeIgniter.php(361): CodeIgniter\CodeIgniter->handleRequest(null, Object(Config\Cache), false)
 9 FCPATH\index.php(79): CodeIgniter\CodeIgniter->run()
10 SYSTEMPATH\Commands\Server\rewrite.php(47): require_once('C:\\Dokumnt\\web_project2024\\dashmondt-master\\public\\index.php')
CRITICAL - 2024-07-24 03:17:34 --> Error: Cannot use object of type stdClass as array
in APPPATH\Views\report\laporan_filter.php on line 51.
 1 SYSTEMPATH\View\View.php(228): include()
 2 SYSTEMPATH\View\View.php(231): CodeIgniter\View\View->CodeIgniter\View\{closure}()
 3 SYSTEMPATH\Common.php(1178): CodeIgniter\View\View->render('report/laporan_filter', [], true)
 4 APPPATH\Controllers\Report.php(116): view('report/laporan_filter', [...])
 5 SYSTEMPATH\CodeIgniter.php(941): App\Controllers\Report->filter()
 6 SYSTEMPATH\CodeIgniter.php(502): CodeIgniter\CodeIgniter->runController(Object(App\Controllers\Report))
 7 SYSTEMPATH\CodeIgniter.php(361): CodeIgniter\CodeIgniter->handleRequest(null, Object(Config\Cache), false)
 8 FCPATH\index.php(79): CodeIgniter\CodeIgniter->run()
 9 SYSTEMPATH\Commands\Server\rewrite.php(47): require_once('C:\\Dokumnt\\web_project2024\\dashmondt-master\\public\\index.php')
CRITICAL - 2024-07-24 03:19:17 --> ErrorException: Undefined variable $orw
in APPPATH\Views\report\laporan_filter.php on line 51.
 1 APPPATH\Views\report\laporan_filter.php(51): CodeIgniter\Debug\Exceptions->errorHandler(2, 'Undefined variable $orw', 'C:\\Dokumnt\\web_project2024\\dashmondt-master\\app\\Views\\report\\laporan_filter.php', 51)
 2 SYSTEMPATH\View\View.php(228): include('C:\\Dokumnt\\web_project2024\\dashmondt-master\\app\\Views\\report\\laporan_filter.php')
 3 SYSTEMPATH\View\View.php(231): CodeIgniter\View\View->CodeIgniter\View\{closure}()
 4 SYSTEMPATH\Common.php(1178): CodeIgniter\View\View->render('report/laporan_filter', [], true)
 5 APPPATH\Controllers\Report.php(116): view('report/laporan_filter', [...])
 6 SYSTEMPATH\CodeIgniter.php(941): App\Controllers\Report->filter()
 7 SYSTEMPATH\CodeIgniter.php(502): CodeIgniter\CodeIgniter->runController(Object(App\Controllers\Report))
 8 SYSTEMPATH\CodeIgniter.php(361): CodeIgniter\CodeIgniter->handleRequest(null, Object(Config\Cache), false)
 9 FCPATH\index.php(79): CodeIgniter\CodeIgniter->run()
10 SYSTEMPATH\Commands\Server\rewrite.php(47): require_once('C:\\Dokumnt\\web_project2024\\dashmondt-master\\public\\index.php')
INFO - 2024-07-24 03:21:46 --> Session: Class initialized using 'CodeIgniter\Session\Handlers\FileHandler' driver.
CRITICAL - 2024-07-24 03:31:01 --> ParseError: syntax error, unexpected end of file
in APPPATH\Views\report\laporan_filter.php on line 103.
 1 SYSTEMPATH\View\View.php(231): CodeIgniter\View\View->CodeIgniter\View\{closure}()
 2 SYSTEMPATH\Common.php(1178): CodeIgniter\View\View->render('report/laporan_filter', [], true)
 3 APPPATH\Controllers\Report.php(116): view('report/laporan_filter', [...])
 4 SYSTEMPATH\CodeIgniter.php(941): App\Controllers\Report->filter()
 5 SYSTEMPATH\CodeIgniter.php(502): CodeIgniter\CodeIgniter->runController(Object(App\Controllers\Report))
 6 SYSTEMPATH\CodeIgniter.php(361): CodeIgniter\CodeIgniter->handleRequest(null, Object(Config\Cache), false)
 7 FCPATH\index.php(79): CodeIgniter\CodeIgniter->run()
 8 SYSTEMPATH\Commands\Server\rewrite.php(47): require_once('C:\\Dokumnt\\web_project2024\\dashmondt-master\\public\\index.php')
CRITICAL - 2024-07-24 03:31:18 --> Error: Cannot use object of type stdClass as array
in APPPATH\Views\report\laporan_filter.php on line 17.
 1 SYSTEMPATH\View\View.php(228): include()
 2 SYSTEMPATH\View\View.php(231): CodeIgniter\View\View->CodeIgniter\View\{closure}()
 3 SYSTEMPATH\Common.php(1178): CodeIgniter\View\View->render('report/laporan_filter', [], true)
 4 APPPATH\Controllers\Report.php(116): view('report/laporan_filter', [...])
 5 SYSTEMPATH\CodeIgniter.php(941): App\Controllers\Report->filter()
 6 SYSTEMPATH\CodeIgniter.php(502): CodeIgniter\CodeIgniter->runController(Object(App\Controllers\Report))
 7 SYSTEMPATH\CodeIgniter.php(361): CodeIgniter\CodeIgniter->handleRequest(null, Object(Config\Cache), false)
 8 FCPATH\index.php(79): CodeIgniter\CodeIgniter->run()
 9 SYSTEMPATH\Commands\Server\rewrite.php(47): require_once('C:\\Dokumnt\\web_project2024\\dashmondt-master\\public\\index.php')
INFO - 2024-07-24 03:47:44 --> Session: Class initialized using 'CodeIgniter\Session\Handlers\FileHandler' driver.
INFO - 2024-07-24 06:23:29 --> Session: Class initialized using 'CodeIgniter\Session\Handlers\FileHandler' driver.
CRITICAL - 2024-07-24 06:32:57 --> TypeError: count(): Argument #1 ($value) must be of type Countable|array, null given
in APPPATH\Views\testing\index.php on line 17.
 1 SYSTEMPATH\View\View.php(228): include()
 2 SYSTEMPATH\View\View.php(231): CodeIgniter\View\View->CodeIgniter\View\{closure}()
 3 SYSTEMPATH\Common.php(1178): CodeIgniter\View\View->render('testing/index', [], true)
 4 APPPATH\Controllers\Testing.php(7): view('testing/index')
 5 SYSTEMPATH\CodeIgniter.php(941): App\Controllers\Testing->index()
 6 SYSTEMPATH\CodeIgniter.php(502): CodeIgniter\CodeIgniter->runController(Object(App\Controllers\Testing))
 7 SYSTEMPATH\CodeIgniter.php(361): CodeIgniter\CodeIgniter->handleRequest(null, Object(Config\Cache), false)
 8 FCPATH\index.php(79): CodeIgniter\CodeIgniter->run()
 9 SYSTEMPATH\Commands\Server\rewrite.php(47): require_once('C:\\Dokumnt\\web_project2024\\dashmondt-master\\public\\index.php')
CRITICAL - 2024-07-24 06:32:57 --> [Caused by] ErrorException: Undefined variable $kkbm
in APPPATH\Views\testing\index.php on line 17.
 1 APPPATH\Views\testing\index.php(17): CodeIgniter\Debug\Exceptions->errorHandler(2, 'Undefined variable $kkbm', 'C:\\Dokumnt\\web_project2024\\dashmondt-master\\app\\Views\\testing\\index.php', 17)
 2 SYSTEMPATH\View\View.php(228): include('C:\\Dokumnt\\web_project2024\\dashmondt-master\\app\\Views\\testing\\index.php')
 3 SYSTEMPATH\View\View.php(231): CodeIgniter\View\View->CodeIgniter\View\{closure}()
 4 SYSTEMPATH\Common.php(1178): CodeIgniter\View\View->render('testing/index', [], true)
 5 APPPATH\Controllers\Testing.php(7): view('testing/index')
 6 SYSTEMPATH\CodeIgniter.php(941): App\Controllers\Testing->index()
 7 SYSTEMPATH\CodeIgniter.php(502): CodeIgniter\CodeIgniter->runController(Object(App\Controllers\Testing))
 8 SYSTEMPATH\CodeIgniter.php(361): CodeIgniter\CodeIgniter->handleRequest(null, Object(Config\Cache), false)
 9 FCPATH\index.php(79): CodeIgniter\CodeIgniter->run()
10 SYSTEMPATH\Commands\Server\rewrite.php(47): require_once('C:\\Dokumnt\\web_project2024\\dashmondt-master\\public\\index.php')
CRITICAL - 2024-07-24 06:56:39 --> ErrorException: Undefined variable $data
in APPPATH\Views\testing\hasil.php on line 9.
 1 APPPATH\Views\testing\hasil.php(9): CodeIgniter\Debug\Exceptions->errorHandler(2, 'Undefined variable $data', 'C:\\Dokumnt\\web_project2024\\dashmondt-master\\app\\Views\\testing\\hasil.php', 9)
 2 SYSTEMPATH\View\View.php(228): include('C:\\Dokumnt\\web_project2024\\dashmondt-master\\app\\Views\\testing\\hasil.php')
 3 SYSTEMPATH\View\View.php(231): CodeIgniter\View\View->CodeIgniter\View\{closure}()
 4 SYSTEMPATH\Common.php(1178): CodeIgniter\View\View->render('testing/hasil', [], true)
 5 APPPATH\Controllers\Testing.php(18): view('testing/hasil', [])
 6 SYSTEMPATH\CodeIgniter.php(941): App\Controllers\Testing->cari()
 7 SYSTEMPATH\CodeIgniter.php(502): CodeIgniter\CodeIgniter->runController(Object(App\Controllers\Testing))
 8 SYSTEMPATH\CodeIgniter.php(361): CodeIgniter\CodeIgniter->handleRequest(null, Object(Config\Cache), false)
 9 FCPATH\index.php(79): CodeIgniter\CodeIgniter->run()
10 SYSTEMPATH\Commands\Server\rewrite.php(47): require_once('C:\\Dokumnt\\web_project2024\\dashmondt-master\\public\\index.php')
CRITICAL - 2024-07-24 06:59:06 --> ErrorException: Undefined variable $data
in APPPATH\Views\testing\hasil.php on line 9.
 1 APPPATH\Views\testing\hasil.php(9): CodeIgniter\Debug\Exceptions->errorHandler(2, 'Undefined variable $data', 'C:\\Dokumnt\\web_project2024\\dashmondt-master\\app\\Views\\testing\\hasil.php', 9)
 2 SYSTEMPATH\View\View.php(228): include('C:\\Dokumnt\\web_project2024\\dashmondt-master\\app\\Views\\testing\\hasil.php')
 3 SYSTEMPATH\View\View.php(231): CodeIgniter\View\View->CodeIgniter\View\{closure}()
 4 SYSTEMPATH\Common.php(1178): CodeIgniter\View\View->render('testing/hasil', [], true)
 5 APPPATH\Controllers\Testing.php(23): view('testing/hasil')
 6 SYSTEMPATH\CodeIgniter.php(941): App\Controllers\Testing->cari()
 7 SYSTEMPATH\CodeIgniter.php(502): CodeIgniter\CodeIgniter->runController(Object(App\Controllers\Testing))
 8 SYSTEMPATH\CodeIgniter.php(361): CodeIgniter\CodeIgniter->handleRequest(null, Object(Config\Cache), false)
 9 FCPATH\index.php(79): CodeIgniter\CodeIgniter->run()
10 SYSTEMPATH\Commands\Server\rewrite.php(47): require_once('C:\\Dokumnt\\web_project2024\\dashmondt-master\\public\\index.php')
CRITICAL - 2024-07-24 07:07:45 --> ErrorException: Undefined array key "cari"
in APPPATH\Views\testing\hasil.php on line 9.
 1 APPPATH\Views\testing\hasil.php(9): CodeIgniter\Debug\Exceptions->errorHandler(2, 'Undefined array key "cari"', 'C:\\Dokumnt\\web_project2024\\dashmondt-master\\app\\Views\\testing\\hasil.php', 9)
 2 SYSTEMPATH\View\View.php(228): include('C:\\Dokumnt\\web_project2024\\dashmondt-master\\app\\Views\\testing\\hasil.php')
 3 SYSTEMPATH\View\View.php(231): CodeIgniter\View\View->CodeIgniter\View\{closure}()
 4 SYSTEMPATH\Common.php(1178): CodeIgniter\View\View->render('testing/hasil', [], true)
 5 APPPATH\Controllers\Testing.php(23): view('testing/hasil', [...])
 6 SYSTEMPATH\CodeIgniter.php(941): App\Controllers\Testing->cari()
 7 SYSTEMPATH\CodeIgniter.php(502): CodeIgniter\CodeIgniter->runController(Object(App\Controllers\Testing))
 8 SYSTEMPATH\CodeIgniter.php(361): CodeIgniter\CodeIgniter->handleRequest(null, Object(Config\Cache), false)
 9 FCPATH\index.php(79): CodeIgniter\CodeIgniter->run()
10 SYSTEMPATH\Commands\Server\rewrite.php(47): require_once('C:\\Dokumnt\\web_project2024\\dashmondt-master\\public\\index.php')
CRITICAL - 2024-07-24 07:11:00 --> ErrorException: Array to string conversion
in APPPATH\Views\testing\hasil.php on line 9.
 1 APPPATH\Views\testing\hasil.php(9): CodeIgniter\Debug\Exceptions->errorHandler(2, 'Array to string conversion', 'C:\\Dokumnt\\web_project2024\\dashmondt-master\\app\\Views\\testing\\hasil.php', 9)
 2 SYSTEMPATH\View\View.php(228): include('C:\\Dokumnt\\web_project2024\\dashmondt-master\\app\\Views\\testing\\hasil.php')
 3 SYSTEMPATH\View\View.php(231): CodeIgniter\View\View->CodeIgniter\View\{closure}()
 4 SYSTEMPATH\Common.php(1178): CodeIgniter\View\View->render('testing/hasil', [], true)
 5 APPPATH\Controllers\Testing.php(20): view('testing/hasil', [...])
 6 SYSTEMPATH\CodeIgniter.php(941): App\Controllers\Testing->cari()
 7 SYSTEMPATH\CodeIgniter.php(502): CodeIgniter\CodeIgniter->runController(Object(App\Controllers\Testing))
 8 SYSTEMPATH\CodeIgniter.php(361): CodeIgniter\CodeIgniter->handleRequest(null, Object(Config\Cache), false)
 9 FCPATH\index.php(79): CodeIgniter\CodeIgniter->run()
10 SYSTEMPATH\Commands\Server\rewrite.php(47): require_once('C:\\Dokumnt\\web_project2024\\dashmondt-master\\public\\index.php')
CRITICAL - 2024-07-24 07:11:10 --> ErrorException: Undefined array key ""
in APPPATH\Views\testing\hasil.php on line 9.
 1 APPPATH\Views\testing\hasil.php(9): CodeIgniter\Debug\Exceptions->errorHandler(2, 'Undefined array key ""', 'C:\\Dokumnt\\web_project2024\\dashmondt-master\\app\\Views\\testing\\hasil.php', 9)
 2 SYSTEMPATH\View\View.php(228): include('C:\\Dokumnt\\web_project2024\\dashmondt-master\\app\\Views\\testing\\hasil.php')
 3 SYSTEMPATH\View\View.php(231): CodeIgniter\View\View->CodeIgniter\View\{closure}()
 4 SYSTEMPATH\Common.php(1178): CodeIgniter\View\View->render('testing/hasil', [], true)
 5 APPPATH\Controllers\Testing.php(20): view('testing/hasil', [...])
 6 SYSTEMPATH\CodeIgniter.php(941): App\Controllers\Testing->cari()
 7 SYSTEMPATH\CodeIgniter.php(502): CodeIgniter\CodeIgniter->runController(Object(App\Controllers\Testing))
 8 SYSTEMPATH\CodeIgniter.php(361): CodeIgniter\CodeIgniter->handleRequest(null, Object(Config\Cache), false)
 9 FCPATH\index.php(79): CodeIgniter\CodeIgniter->run()
10 SYSTEMPATH\Commands\Server\rewrite.php(47): require_once('C:\\Dokumnt\\web_project2024\\dashmondt-master\\public\\index.php')
CRITICAL - 2024-07-24 07:13:44 --> ErrorException: Undefined variable $data
in APPPATH\Views\testing\hasil.php on line 9.
 1 APPPATH\Views\testing\hasil.php(9): CodeIgniter\Debug\Exceptions->errorHandler(2, 'Undefined variable $data', 'C:\\Dokumnt\\web_project2024\\dashmondt-master\\app\\Views\\testing\\hasil.php', 9)
 2 SYSTEMPATH\View\View.php(228): include('C:\\Dokumnt\\web_project2024\\dashmondt-master\\app\\Views\\testing\\hasil.php')
 3 SYSTEMPATH\View\View.php(231): CodeIgniter\View\View->CodeIgniter\View\{closure}()
 4 SYSTEMPATH\Common.php(1178): CodeIgniter\View\View->render('testing/hasil', [], true)
 5 APPPATH\Controllers\Testing.php(19): view('testing/hasil', [...])
 6 SYSTEMPATH\CodeIgniter.php(941): App\Controllers\Testing->cari()
 7 SYSTEMPATH\CodeIgniter.php(502): CodeIgniter\CodeIgniter->runController(Object(App\Controllers\Testing))
 8 SYSTEMPATH\CodeIgniter.php(361): CodeIgniter\CodeIgniter->handleRequest(null, Object(Config\Cache), false)
 9 FCPATH\index.php(79): CodeIgniter\CodeIgniter->run()
10 SYSTEMPATH\Commands\Server\rewrite.php(47): require_once('C:\\Dokumnt\\web_project2024\\dashmondt-master\\public\\index.php')
CRITICAL - 2024-07-24 07:19:13 --> TypeError: CodeIgniter\Database\BaseBuilder::like(): Argument #2 ($match) must be of type string, array given, called in C:\Dokumnt\web_project2024\dashmondt-master\app\Controllers\Testing.php on line 18
in SYSTEMPATH\Database\BaseBuilder.php on line 981.
 1 APPPATH\Controllers\Testing.php(18): CodeIgniter\Database\BaseBuilder->like('id', [...])
 2 SYSTEMPATH\CodeIgniter.php(941): App\Controllers\Testing->cari()
 3 SYSTEMPATH\CodeIgniter.php(502): CodeIgniter\CodeIgniter->runController(Object(App\Controllers\Testing))
 4 SYSTEMPATH\CodeIgniter.php(361): CodeIgniter\CodeIgniter->handleRequest(null, Object(Config\Cache), false)
 5 FCPATH\index.php(79): CodeIgniter\CodeIgniter->run()
 6 SYSTEMPATH\Commands\Server\rewrite.php(47): require_once('C:\\Dokumnt\\web_project2024\\dashmondt-master\\public\\index.php')
CRITICAL - 2024-07-24 07:19:52 --> TypeError: CodeIgniter\Database\BaseBuilder::like(): Argument #2 ($match) must be of type string, array given, called in C:\Dokumnt\web_project2024\dashmondt-master\app\Controllers\Testing.php on line 18
in SYSTEMPATH\Database\BaseBuilder.php on line 981.
 1 APPPATH\Controllers\Testing.php(18): CodeIgniter\Database\BaseBuilder->like('id', [...])
 2 SYSTEMPATH\CodeIgniter.php(941): App\Controllers\Testing->cari()
 3 SYSTEMPATH\CodeIgniter.php(502): CodeIgniter\CodeIgniter->runController(Object(App\Controllers\Testing))
 4 SYSTEMPATH\CodeIgniter.php(361): CodeIgniter\CodeIgniter->handleRequest(null, Object(Config\Cache), false)
 5 FCPATH\index.php(79): CodeIgniter\CodeIgniter->run()
 6 SYSTEMPATH\Commands\Server\rewrite.php(47): require_once('C:\\Dokumnt\\web_project2024\\dashmondt-master\\public\\index.php')
CRITICAL - 2024-07-24 07:20:23 --> TypeError: CodeIgniter\Database\BaseBuilder::like(): Argument #2 ($match) must be of type string, array given, called in C:\Dokumnt\web_project2024\dashmondt-master\app\Controllers\Testing.php on line 19
in SYSTEMPATH\Database\BaseBuilder.php on line 981.
 1 APPPATH\Controllers\Testing.php(19): CodeIgniter\Database\BaseBuilder->like('id_unit', [...])
 2 SYSTEMPATH\CodeIgniter.php(941): App\Controllers\Testing->cari()
 3 SYSTEMPATH\CodeIgniter.php(502): CodeIgniter\CodeIgniter->runController(Object(App\Controllers\Testing))
 4 SYSTEMPATH\CodeIgniter.php(361): CodeIgniter\CodeIgniter->handleRequest(null, Object(Config\Cache), false)
 5 FCPATH\index.php(79): CodeIgniter\CodeIgniter->run()
 6 SYSTEMPATH\Commands\Server\rewrite.php(47): require_once('C:\\Dokumnt\\web_project2024\\dashmondt-master\\public\\index.php')
CRITICAL - 2024-07-24 07:20:25 --> TypeError: CodeIgniter\Database\BaseBuilder::like(): Argument #2 ($match) must be of type string, array given, called in C:\Dokumnt\web_project2024\dashmondt-master\app\Controllers\Testing.php on line 19
in SYSTEMPATH\Database\BaseBuilder.php on line 981.
 1 APPPATH\Controllers\Testing.php(19): CodeIgniter\Database\BaseBuilder->like('id_unit', [...])
 2 SYSTEMPATH\CodeIgniter.php(941): App\Controllers\Testing->cari()
 3 SYSTEMPATH\CodeIgniter.php(502): CodeIgniter\CodeIgniter->runController(Object(App\Controllers\Testing))
 4 SYSTEMPATH\CodeIgniter.php(361): CodeIgniter\CodeIgniter->handleRequest(null, Object(Config\Cache), false)
 5 FCPATH\index.php(79): CodeIgniter\CodeIgniter->run()
 6 SYSTEMPATH\Commands\Server\rewrite.php(47): require_once('C:\\Dokumnt\\web_project2024\\dashmondt-master\\public\\index.php')
CRITICAL - 2024-07-24 07:20:27 --> TypeError: CodeIgniter\Database\BaseBuilder::like(): Argument #2 ($match) must be of type string, array given, called in C:\Dokumnt\web_project2024\dashmondt-master\app\Controllers\Testing.php on line 19
in SYSTEMPATH\Database\BaseBuilder.php on line 981.
 1 APPPATH\Controllers\Testing.php(19): CodeIgniter\Database\BaseBuilder->like('id_unit', [...])
 2 SYSTEMPATH\CodeIgniter.php(941): App\Controllers\Testing->cari()
 3 SYSTEMPATH\CodeIgniter.php(502): CodeIgniter\CodeIgniter->runController(Object(App\Controllers\Testing))
 4 SYSTEMPATH\CodeIgniter.php(361): CodeIgniter\CodeIgniter->handleRequest(null, Object(Config\Cache), false)
 5 FCPATH\index.php(79): CodeIgniter\CodeIgniter->run()
 6 SYSTEMPATH\Commands\Server\rewrite.php(47): require_once('C:\\Dokumnt\\web_project2024\\dashmondt-master\\public\\index.php')
CRITICAL - 2024-07-24 07:20:28 --> TypeError: CodeIgniter\Database\BaseBuilder::like(): Argument #2 ($match) must be of type string, array given, called in C:\Dokumnt\web_project2024\dashmondt-master\app\Controllers\Testing.php on line 19
in SYSTEMPATH\Database\BaseBuilder.php on line 981.
 1 APPPATH\Controllers\Testing.php(19): CodeIgniter\Database\BaseBuilder->like('id_unit', [...])
 2 SYSTEMPATH\CodeIgniter.php(941): App\Controllers\Testing->cari()
 3 SYSTEMPATH\CodeIgniter.php(502): CodeIgniter\CodeIgniter->runController(Object(App\Controllers\Testing))
 4 SYSTEMPATH\CodeIgniter.php(361): CodeIgniter\CodeIgniter->handleRequest(null, Object(Config\Cache), false)
 5 FCPATH\index.php(79): CodeIgniter\CodeIgniter->run()
 6 SYSTEMPATH\Commands\Server\rewrite.php(47): require_once('C:\\Dokumnt\\web_project2024\\dashmondt-master\\public\\index.php')
CRITICAL - 2024-07-24 07:20:42 --> TypeError: CodeIgniter\Database\BaseBuilder::like(): Argument #2 ($match) must be of type string, array given, called in C:\Dokumnt\web_project2024\dashmondt-master\app\Controllers\Testing.php on line 19
in SYSTEMPATH\Database\BaseBuilder.php on line 981.
 1 APPPATH\Controllers\Testing.php(19): CodeIgniter\Database\BaseBuilder->like('id_unit', [...])
 2 SYSTEMPATH\CodeIgniter.php(941): App\Controllers\Testing->cari()
 3 SYSTEMPATH\CodeIgniter.php(502): CodeIgniter\CodeIgniter->runController(Object(App\Controllers\Testing))
 4 SYSTEMPATH\CodeIgniter.php(361): CodeIgniter\CodeIgniter->handleRequest(null, Object(Config\Cache), false)
 5 FCPATH\index.php(79): CodeIgniter\CodeIgniter->run()
 6 SYSTEMPATH\Commands\Server\rewrite.php(47): require_once('C:\\Dokumnt\\web_project2024\\dashmondt-master\\public\\index.php')
CRITICAL - 2024-07-24 07:21:04 --> ErrorException: Undefined array key "id_unit"
in APPPATH\Views\testing\hasil.php on line 9.
 1 APPPATH\Views\testing\hasil.php(9): CodeIgniter\Debug\Exceptions->errorHandler(2, 'Undefined array key "id_unit"', 'C:\\Dokumnt\\web_project2024\\dashmondt-master\\app\\Views\\testing\\hasil.php', 9)
 2 SYSTEMPATH\View\View.php(228): include('C:\\Dokumnt\\web_project2024\\dashmondt-master\\app\\Views\\testing\\hasil.php')
 3 SYSTEMPATH\View\View.php(231): CodeIgniter\View\View->CodeIgniter\View\{closure}()
 4 SYSTEMPATH\Common.php(1178): CodeIgniter\View\View->render('testing/hasil', [], true)
 5 APPPATH\Controllers\Testing.php(24): view('testing/hasil', [...])
 6 SYSTEMPATH\CodeIgniter.php(941): App\Controllers\Testing->cari()
 7 SYSTEMPATH\CodeIgniter.php(502): CodeIgniter\CodeIgniter->runController(Object(App\Controllers\Testing))
 8 SYSTEMPATH\CodeIgniter.php(361): CodeIgniter\CodeIgniter->handleRequest(null, Object(Config\Cache), false)
 9 FCPATH\index.php(79): CodeIgniter\CodeIgniter->run()
10 SYSTEMPATH\Commands\Server\rewrite.php(47): require_once('C:\\Dokumnt\\web_project2024\\dashmondt-master\\public\\index.php')
CRITICAL - 2024-07-24 07:21:12 --> ErrorException: Undefined array key "id_unit"
in APPPATH\Views\testing\hasil.php on line 9.
 1 APPPATH\Views\testing\hasil.php(9): CodeIgniter\Debug\Exceptions->errorHandler(2, 'Undefined array key "id_unit"', 'C:\\Dokumnt\\web_project2024\\dashmondt-master\\app\\Views\\testing\\hasil.php', 9)
 2 SYSTEMPATH\View\View.php(228): include('C:\\Dokumnt\\web_project2024\\dashmondt-master\\app\\Views\\testing\\hasil.php')
 3 SYSTEMPATH\View\View.php(231): CodeIgniter\View\View->CodeIgniter\View\{closure}()
 4 SYSTEMPATH\Common.php(1178): CodeIgniter\View\View->render('testing/hasil', [], true)
 5 APPPATH\Controllers\Testing.php(24): view('testing/hasil', [...])
 6 SYSTEMPATH\CodeIgniter.php(941): App\Controllers\Testing->cari()
 7 SYSTEMPATH\CodeIgniter.php(502): CodeIgniter\CodeIgniter->runController(Object(App\Controllers\Testing))
 8 SYSTEMPATH\CodeIgniter.php(361): CodeIgniter\CodeIgniter->handleRequest(null, Object(Config\Cache), false)
 9 FCPATH\index.php(79): CodeIgniter\CodeIgniter->run()
10 SYSTEMPATH\Commands\Server\rewrite.php(47): require_once('C:\\Dokumnt\\web_project2024\\dashmondt-master\\public\\index.php')
CRITICAL - 2024-07-24 07:21:15 --> ErrorException: Undefined array key "id_unit"
in APPPATH\Views\testing\hasil.php on line 9.
 1 APPPATH\Views\testing\hasil.php(9): CodeIgniter\Debug\Exceptions->errorHandler(2, 'Undefined array key "id_unit"', 'C:\\Dokumnt\\web_project2024\\dashmondt-master\\app\\Views\\testing\\hasil.php', 9)
 2 SYSTEMPATH\View\View.php(228): include('C:\\Dokumnt\\web_project2024\\dashmondt-master\\app\\Views\\testing\\hasil.php')
 3 SYSTEMPATH\View\View.php(231): CodeIgniter\View\View->CodeIgniter\View\{closure}()
 4 SYSTEMPATH\Common.php(1178): CodeIgniter\View\View->render('testing/hasil', [], true)
 5 APPPATH\Controllers\Testing.php(24): view('testing/hasil', [...])
 6 SYSTEMPATH\CodeIgniter.php(941): App\Controllers\Testing->cari()
 7 SYSTEMPATH\CodeIgniter.php(502): CodeIgniter\CodeIgniter->runController(Object(App\Controllers\Testing))
 8 SYSTEMPATH\CodeIgniter.php(361): CodeIgniter\CodeIgniter->handleRequest(null, Object(Config\Cache), false)
 9 FCPATH\index.php(79): CodeIgniter\CodeIgniter->run()
10 SYSTEMPATH\Commands\Server\rewrite.php(47): require_once('C:\\Dokumnt\\web_project2024\\dashmondt-master\\public\\index.php')
CRITICAL - 2024-07-24 07:21:29 --> ErrorException: Undefined array key "id"
in APPPATH\Views\testing\hasil.php on line 9.
 1 APPPATH\Views\testing\hasil.php(9): CodeIgniter\Debug\Exceptions->errorHandler(2, 'Undefined array key "id"', 'C:\\Dokumnt\\web_project2024\\dashmondt-master\\app\\Views\\testing\\hasil.php', 9)
 2 SYSTEMPATH\View\View.php(228): include('C:\\Dokumnt\\web_project2024\\dashmondt-master\\app\\Views\\testing\\hasil.php')
 3 SYSTEMPATH\View\View.php(231): CodeIgniter\View\View->CodeIgniter\View\{closure}()
 4 SYSTEMPATH\Common.php(1178): CodeIgniter\View\View->render('testing/hasil', [], true)
 5 APPPATH\Controllers\Testing.php(24): view('testing/hasil', [...])
 6 SYSTEMPATH\CodeIgniter.php(941): App\Controllers\Testing->cari()
 7 SYSTEMPATH\CodeIgniter.php(502): CodeIgniter\CodeIgniter->runController(Object(App\Controllers\Testing))
 8 SYSTEMPATH\CodeIgniter.php(361): CodeIgniter\CodeIgniter->handleRequest(null, Object(Config\Cache), false)
 9 FCPATH\index.php(79): CodeIgniter\CodeIgniter->run()
10 SYSTEMPATH\Commands\Server\rewrite.php(47): require_once('C:\\Dokumnt\\web_project2024\\dashmondt-master\\public\\index.php')
CRITICAL - 2024-07-24 07:22:15 --> ErrorException: Array to string conversion
in APPPATH\Views\testing\hasil.php on line 9.
 1 APPPATH\Views\testing\hasil.php(9): CodeIgniter\Debug\Exceptions->errorHandler(2, 'Array to string conversion', 'C:\\Dokumnt\\web_project2024\\dashmondt-master\\app\\Views\\testing\\hasil.php', 9)
 2 SYSTEMPATH\View\View.php(228): include('C:\\Dokumnt\\web_project2024\\dashmondt-master\\app\\Views\\testing\\hasil.php')
 3 SYSTEMPATH\View\View.php(231): CodeIgniter\View\View->CodeIgniter\View\{closure}()
 4 SYSTEMPATH\Common.php(1178): CodeIgniter\View\View->render('testing/hasil', [], true)
 5 APPPATH\Controllers\Testing.php(24): view('testing/hasil', [...])
 6 SYSTEMPATH\CodeIgniter.php(941): App\Controllers\Testing->cari()
 7 SYSTEMPATH\CodeIgniter.php(502): CodeIgniter\CodeIgniter->runController(Object(App\Controllers\Testing))
 8 SYSTEMPATH\CodeIgniter.php(361): CodeIgniter\CodeIgniter->handleRequest(null, Object(Config\Cache), false)
 9 FCPATH\index.php(79): CodeIgniter\CodeIgniter->run()
10 SYSTEMPATH\Commands\Server\rewrite.php(47): require_once('C:\\Dokumnt\\web_project2024\\dashmondt-master\\public\\index.php')
CRITICAL - 2024-07-24 07:23:04 --> ErrorException: Undefined array key "id"
in APPPATH\Views\testing\hasil.php on line 9.
 1 APPPATH\Views\testing\hasil.php(9): CodeIgniter\Debug\Exceptions->errorHandler(2, 'Undefined array key "id"', 'C:\\Dokumnt\\web_project2024\\dashmondt-master\\app\\Views\\testing\\hasil.php', 9)
 2 SYSTEMPATH\View\View.php(228): include('C:\\Dokumnt\\web_project2024\\dashmondt-master\\app\\Views\\testing\\hasil.php')
 3 SYSTEMPATH\View\View.php(231): CodeIgniter\View\View->CodeIgniter\View\{closure}()
 4 SYSTEMPATH\Common.php(1178): CodeIgniter\View\View->render('testing/hasil', [], true)
 5 APPPATH\Controllers\Testing.php(24): view('testing/hasil', [...])
 6 SYSTEMPATH\CodeIgniter.php(941): App\Controllers\Testing->cari()
 7 SYSTEMPATH\CodeIgniter.php(502): CodeIgniter\CodeIgniter->runController(Object(App\Controllers\Testing))
 8 SYSTEMPATH\CodeIgniter.php(361): CodeIgniter\CodeIgniter->handleRequest(null, Object(Config\Cache), false)
 9 FCPATH\index.php(79): CodeIgniter\CodeIgniter->run()
10 SYSTEMPATH\Commands\Server\rewrite.php(47): require_once('C:\\Dokumnt\\web_project2024\\dashmondt-master\\public\\index.php')
CRITICAL - 2024-07-24 07:23:18 --> ErrorException: Attempt to read property "id" on array
in APPPATH\Views\testing\hasil.php on line 9.
 1 APPPATH\Views\testing\hasil.php(9): CodeIgniter\Debug\Exceptions->errorHandler(2, 'Attempt to read property "id" on array', 'C:\\Dokumnt\\web_project2024\\dashmondt-master\\app\\Views\\testing\\hasil.php', 9)
 2 SYSTEMPATH\View\View.php(228): include('C:\\Dokumnt\\web_project2024\\dashmondt-master\\app\\Views\\testing\\hasil.php')
 3 SYSTEMPATH\View\View.php(231): CodeIgniter\View\View->CodeIgniter\View\{closure}()
 4 SYSTEMPATH\Common.php(1178): CodeIgniter\View\View->render('testing/hasil', [], true)
 5 APPPATH\Controllers\Testing.php(24): view('testing/hasil', [...])
 6 SYSTEMPATH\CodeIgniter.php(941): App\Controllers\Testing->cari()
 7 SYSTEMPATH\CodeIgniter.php(502): CodeIgniter\CodeIgniter->runController(Object(App\Controllers\Testing))
 8 SYSTEMPATH\CodeIgniter.php(361): CodeIgniter\CodeIgniter->handleRequest(null, Object(Config\Cache), false)
 9 FCPATH\index.php(79): CodeIgniter\CodeIgniter->run()
10 SYSTEMPATH\Commands\Server\rewrite.php(47): require_once('C:\\Dokumnt\\web_project2024\\dashmondt-master\\public\\index.php')
CRITICAL - 2024-07-24 07:23:51 --> ErrorException: Undefined variable $data
in APPPATH\Views\testing\hasil.php on line 9.
 1 APPPATH\Views\testing\hasil.php(9): CodeIgniter\Debug\Exceptions->errorHandler(2, 'Undefined variable $data', 'C:\\Dokumnt\\web_project2024\\dashmondt-master\\app\\Views\\testing\\hasil.php', 9)
 2 SYSTEMPATH\View\View.php(228): include('C:\\Dokumnt\\web_project2024\\dashmondt-master\\app\\Views\\testing\\hasil.php')
 3 SYSTEMPATH\View\View.php(231): CodeIgniter\View\View->CodeIgniter\View\{closure}()
 4 SYSTEMPATH\Common.php(1178): CodeIgniter\View\View->render('testing/hasil', [], true)
 5 APPPATH\Controllers\Testing.php(24): view('testing/hasil', [...])
 6 SYSTEMPATH\CodeIgniter.php(941): App\Controllers\Testing->cari()
 7 SYSTEMPATH\CodeIgniter.php(502): CodeIgniter\CodeIgniter->runController(Object(App\Controllers\Testing))
 8 SYSTEMPATH\CodeIgniter.php(361): CodeIgniter\CodeIgniter->handleRequest(null, Object(Config\Cache), false)
 9 FCPATH\index.php(79): CodeIgniter\CodeIgniter->run()
10 SYSTEMPATH\Commands\Server\rewrite.php(47): require_once('C:\\Dokumnt\\web_project2024\\dashmondt-master\\public\\index.php')
CRITICAL - 2024-07-24 07:23:58 --> ErrorException: Undefined variable $data
in APPPATH\Views\testing\hasil.php on line 9.
 1 APPPATH\Views\testing\hasil.php(9): CodeIgniter\Debug\Exceptions->errorHandler(2, 'Undefined variable $data', 'C:\\Dokumnt\\web_project2024\\dashmondt-master\\app\\Views\\testing\\hasil.php', 9)
 2 SYSTEMPATH\View\View.php(228): include('C:\\Dokumnt\\web_project2024\\dashmondt-master\\app\\Views\\testing\\hasil.php')
 3 SYSTEMPATH\View\View.php(231): CodeIgniter\View\View->CodeIgniter\View\{closure}()
 4 SYSTEMPATH\Common.php(1178): CodeIgniter\View\View->render('testing/hasil', [], true)
 5 APPPATH\Controllers\Testing.php(24): view('testing/hasil', [...])
 6 SYSTEMPATH\CodeIgniter.php(941): App\Controllers\Testing->cari()
 7 SYSTEMPATH\CodeIgniter.php(502): CodeIgniter\CodeIgniter->runController(Object(App\Controllers\Testing))
 8 SYSTEMPATH\CodeIgniter.php(361): CodeIgniter\CodeIgniter->handleRequest(null, Object(Config\Cache), false)
 9 FCPATH\index.php(79): CodeIgniter\CodeIgniter->run()
10 SYSTEMPATH\Commands\Server\rewrite.php(47): require_once('C:\\Dokumnt\\web_project2024\\dashmondt-master\\public\\index.php')
CRITICAL - 2024-07-24 07:24:10 --> ErrorException: Undefined variable $data
in APPPATH\Views\testing\hasil.php on line 9.
 1 APPPATH\Views\testing\hasil.php(9): CodeIgniter\Debug\Exceptions->errorHandler(2, 'Undefined variable $data', 'C:\\Dokumnt\\web_project2024\\dashmondt-master\\app\\Views\\testing\\hasil.php', 9)
 2 SYSTEMPATH\View\View.php(228): include('C:\\Dokumnt\\web_project2024\\dashmondt-master\\app\\Views\\testing\\hasil.php')
 3 SYSTEMPATH\View\View.php(231): CodeIgniter\View\View->CodeIgniter\View\{closure}()
 4 SYSTEMPATH\Common.php(1178): CodeIgniter\View\View->render('testing/hasil', [], true)
 5 APPPATH\Controllers\Testing.php(24): view('testing/hasil', [...])
 6 SYSTEMPATH\CodeIgniter.php(941): App\Controllers\Testing->cari()
 7 SYSTEMPATH\CodeIgniter.php(502): CodeIgniter\CodeIgniter->runController(Object(App\Controllers\Testing))
 8 SYSTEMPATH\CodeIgniter.php(361): CodeIgniter\CodeIgniter->handleRequest(null, Object(Config\Cache), false)
 9 FCPATH\index.php(79): CodeIgniter\CodeIgniter->run()
10 SYSTEMPATH\Commands\Server\rewrite.php(47): require_once('C:\\Dokumnt\\web_project2024\\dashmondt-master\\public\\index.php')
CRITICAL - 2024-07-24 07:24:27 --> ErrorException: Undefined array key "id"
in APPPATH\Views\testing\hasil.php on line 9.
 1 APPPATH\Views\testing\hasil.php(9): CodeIgniter\Debug\Exceptions->errorHandler(2, 'Undefined array key "id"', 'C:\\Dokumnt\\web_project2024\\dashmondt-master\\app\\Views\\testing\\hasil.php', 9)
 2 SYSTEMPATH\View\View.php(228): include('C:\\Dokumnt\\web_project2024\\dashmondt-master\\app\\Views\\testing\\hasil.php')
 3 SYSTEMPATH\View\View.php(231): CodeIgniter\View\View->CodeIgniter\View\{closure}()
 4 SYSTEMPATH\Common.php(1178): CodeIgniter\View\View->render('testing/hasil', [], true)
 5 APPPATH\Controllers\Testing.php(24): view('testing/hasil', [...])
 6 SYSTEMPATH\CodeIgniter.php(941): App\Controllers\Testing->cari()
 7 SYSTEMPATH\CodeIgniter.php(502): CodeIgniter\CodeIgniter->runController(Object(App\Controllers\Testing))
 8 SYSTEMPATH\CodeIgniter.php(361): CodeIgniter\CodeIgniter->handleRequest(null, Object(Config\Cache), false)
 9 FCPATH\index.php(79): CodeIgniter\CodeIgniter->run()
10 SYSTEMPATH\Commands\Server\rewrite.php(47): require_once('C:\\Dokumnt\\web_project2024\\dashmondt-master\\public\\index.php')
CRITICAL - 2024-07-24 07:25:22 --> ErrorException: Attempt to read property "id" on array
in APPPATH\Views\testing\hasil.php on line 9.
 1 APPPATH\Views\testing\hasil.php(9): CodeIgniter\Debug\Exceptions->errorHandler(2, 'Attempt to read property "id" on array', 'C:\\Dokumnt\\web_project2024\\dashmondt-master\\app\\Views\\testing\\hasil.php', 9)
 2 SYSTEMPATH\View\View.php(228): include('C:\\Dokumnt\\web_project2024\\dashmondt-master\\app\\Views\\testing\\hasil.php')
 3 SYSTEMPATH\View\View.php(231): CodeIgniter\View\View->CodeIgniter\View\{closure}()
 4 SYSTEMPATH\Common.php(1178): CodeIgniter\View\View->render('testing/hasil', [], true)
 5 APPPATH\Controllers\Testing.php(24): view('testing/hasil', [...])
 6 SYSTEMPATH\CodeIgniter.php(941): App\Controllers\Testing->cari()
 7 SYSTEMPATH\CodeIgniter.php(502): CodeIgniter\CodeIgniter->runController(Object(App\Controllers\Testing))
 8 SYSTEMPATH\CodeIgniter.php(361): CodeIgniter\CodeIgniter->handleRequest(null, Object(Config\Cache), false)
 9 FCPATH\index.php(79): CodeIgniter\CodeIgniter->run()
10 SYSTEMPATH\Commands\Server\rewrite.php(47): require_once('C:\\Dokumnt\\web_project2024\\dashmondt-master\\public\\index.php')
CRITICAL - 2024-07-24 07:25:38 --> ErrorException: Undefined array key "id"
in APPPATH\Views\testing\hasil.php on line 9.
 1 APPPATH\Views\testing\hasil.php(9): CodeIgniter\Debug\Exceptions->errorHandler(2, 'Undefined array key "id"', 'C:\\Dokumnt\\web_project2024\\dashmondt-master\\app\\Views\\testing\\hasil.php', 9)
 2 SYSTEMPATH\View\View.php(228): include('C:\\Dokumnt\\web_project2024\\dashmondt-master\\app\\Views\\testing\\hasil.php')
 3 SYSTEMPATH\View\View.php(231): CodeIgniter\View\View->CodeIgniter\View\{closure}()
 4 SYSTEMPATH\Common.php(1178): CodeIgniter\View\View->render('testing/hasil', [], true)
 5 APPPATH\Controllers\Testing.php(24): view('testing/hasil', [...])
 6 SYSTEMPATH\CodeIgniter.php(941): App\Controllers\Testing->cari()
 7 SYSTEMPATH\CodeIgniter.php(502): CodeIgniter\CodeIgniter->runController(Object(App\Controllers\Testing))
 8 SYSTEMPATH\CodeIgniter.php(361): CodeIgniter\CodeIgniter->handleRequest(null, Object(Config\Cache), false)
 9 FCPATH\index.php(79): CodeIgniter\CodeIgniter->run()
10 SYSTEMPATH\Commands\Server\rewrite.php(47): require_once('C:\\Dokumnt\\web_project2024\\dashmondt-master\\public\\index.php')
CRITICAL - 2024-07-24 07:25:59 --> ErrorException: Undefined array key "id"
in APPPATH\Views\testing\hasil.php on line 9.
 1 APPPATH\Views\testing\hasil.php(9): CodeIgniter\Debug\Exceptions->errorHandler(2, 'Undefined array key "id"', 'C:\\Dokumnt\\web_project2024\\dashmondt-master\\app\\Views\\testing\\hasil.php', 9)
 2 SYSTEMPATH\View\View.php(228): include('C:\\Dokumnt\\web_project2024\\dashmondt-master\\app\\Views\\testing\\hasil.php')
 3 SYSTEMPATH\View\View.php(231): CodeIgniter\View\View->CodeIgniter\View\{closure}()
 4 SYSTEMPATH\Common.php(1178): CodeIgniter\View\View->render('testing/hasil', [], true)
 5 APPPATH\Controllers\Testing.php(24): view('testing/hasil', [...])
 6 SYSTEMPATH\CodeIgniter.php(941): App\Controllers\Testing->cari()
 7 SYSTEMPATH\CodeIgniter.php(502): CodeIgniter\CodeIgniter->runController(Object(App\Controllers\Testing))
 8 SYSTEMPATH\CodeIgniter.php(361): CodeIgniter\CodeIgniter->handleRequest(null, Object(Config\Cache), false)
 9 FCPATH\index.php(79): CodeIgniter\CodeIgniter->run()
10 SYSTEMPATH\Commands\Server\rewrite.php(47): require_once('C:\\Dokumnt\\web_project2024\\dashmondt-master\\public\\index.php')
CRITICAL - 2024-07-24 07:26:04 --> ErrorException: Undefined array key "id"
in APPPATH\Views\testing\hasil.php on line 9.
 1 APPPATH\Views\testing\hasil.php(9): CodeIgniter\Debug\Exceptions->errorHandler(2, 'Undefined array key "id"', 'C:\\Dokumnt\\web_project2024\\dashmondt-master\\app\\Views\\testing\\hasil.php', 9)
 2 SYSTEMPATH\View\View.php(228): include('C:\\Dokumnt\\web_project2024\\dashmondt-master\\app\\Views\\testing\\hasil.php')
 3 SYSTEMPATH\View\View.php(231): CodeIgniter\View\View->CodeIgniter\View\{closure}()
 4 SYSTEMPATH\Common.php(1178): CodeIgniter\View\View->render('testing/hasil', [], true)
 5 APPPATH\Controllers\Testing.php(24): view('testing/hasil', [...])
 6 SYSTEMPATH\CodeIgniter.php(941): App\Controllers\Testing->cari()
 7 SYSTEMPATH\CodeIgniter.php(502): CodeIgniter\CodeIgniter->runController(Object(App\Controllers\Testing))
 8 SYSTEMPATH\CodeIgniter.php(361): CodeIgniter\CodeIgniter->handleRequest(null, Object(Config\Cache), false)
 9 FCPATH\index.php(79): CodeIgniter\CodeIgniter->run()
10 SYSTEMPATH\Commands\Server\rewrite.php(47): require_once('C:\\Dokumnt\\web_project2024\\dashmondt-master\\public\\index.php')
CRITICAL - 2024-07-24 07:26:16 --> ErrorException: Attempt to read property "id" on array
in APPPATH\Views\testing\hasil.php on line 9.
 1 APPPATH\Views\testing\hasil.php(9): CodeIgniter\Debug\Exceptions->errorHandler(2, 'Attempt to read property "id" on array', 'C:\\Dokumnt\\web_project2024\\dashmondt-master\\app\\Views\\testing\\hasil.php', 9)
 2 SYSTEMPATH\View\View.php(228): include('C:\\Dokumnt\\web_project2024\\dashmondt-master\\app\\Views\\testing\\hasil.php')
 3 SYSTEMPATH\View\View.php(231): CodeIgniter\View\View->CodeIgniter\View\{closure}()
 4 SYSTEMPATH\Common.php(1178): CodeIgniter\View\View->render('testing/hasil', [], true)
 5 APPPATH\Controllers\Testing.php(24): view('testing/hasil', [...])
 6 SYSTEMPATH\CodeIgniter.php(941): App\Controllers\Testing->cari()
 7 SYSTEMPATH\CodeIgniter.php(502): CodeIgniter\CodeIgniter->runController(Object(App\Controllers\Testing))
 8 SYSTEMPATH\CodeIgniter.php(361): CodeIgniter\CodeIgniter->handleRequest(null, Object(Config\Cache), false)
 9 FCPATH\index.php(79): CodeIgniter\CodeIgniter->run()
10 SYSTEMPATH\Commands\Server\rewrite.php(47): require_once('C:\\Dokumnt\\web_project2024\\dashmondt-master\\public\\index.php')
CRITICAL - 2024-07-24 07:28:01 --> ErrorException: Undefined array key 2
in APPPATH\Views\testing\hasil.php on line 9.
 1 APPPATH\Views\testing\hasil.php(9): CodeIgniter\Debug\Exceptions->errorHandler(2, 'Undefined array key 2', 'C:\\Dokumnt\\web_project2024\\dashmondt-master\\app\\Views\\testing\\hasil.php', 9)
 2 SYSTEMPATH\View\View.php(228): include('C:\\Dokumnt\\web_project2024\\dashmondt-master\\app\\Views\\testing\\hasil.php')
 3 SYSTEMPATH\View\View.php(231): CodeIgniter\View\View->CodeIgniter\View\{closure}()
 4 SYSTEMPATH\Common.php(1178): CodeIgniter\View\View->render('testing/hasil', [], true)
 5 APPPATH\Controllers\Testing.php(24): view('testing/hasil', [...])
 6 SYSTEMPATH\CodeIgniter.php(941): App\Controllers\Testing->cari()
 7 SYSTEMPATH\CodeIgniter.php(502): CodeIgniter\CodeIgniter->runController(Object(App\Controllers\Testing))
 8 SYSTEMPATH\CodeIgniter.php(361): CodeIgniter\CodeIgniter->handleRequest(null, Object(Config\Cache), false)
 9 FCPATH\index.php(79): CodeIgniter\CodeIgniter->run()
10 SYSTEMPATH\Commands\Server\rewrite.php(47): require_once('C:\\Dokumnt\\web_project2024\\dashmondt-master\\public\\index.php')
CRITICAL - 2024-07-24 07:28:15 --> ErrorException: Undefined array key 1
in APPPATH\Views\testing\hasil.php on line 9.
 1 APPPATH\Views\testing\hasil.php(9): CodeIgniter\Debug\Exceptions->errorHandler(2, 'Undefined array key 1', 'C:\\Dokumnt\\web_project2024\\dashmondt-master\\app\\Views\\testing\\hasil.php', 9)
 2 SYSTEMPATH\View\View.php(228): include('C:\\Dokumnt\\web_project2024\\dashmondt-master\\app\\Views\\testing\\hasil.php')
 3 SYSTEMPATH\View\View.php(231): CodeIgniter\View\View->CodeIgniter\View\{closure}()
 4 SYSTEMPATH\Common.php(1178): CodeIgniter\View\View->render('testing/hasil', [], true)
 5 APPPATH\Controllers\Testing.php(24): view('testing/hasil', [...])
 6 SYSTEMPATH\CodeIgniter.php(941): App\Controllers\Testing->cari()
 7 SYSTEMPATH\CodeIgniter.php(502): CodeIgniter\CodeIgniter->runController(Object(App\Controllers\Testing))
 8 SYSTEMPATH\CodeIgniter.php(361): CodeIgniter\CodeIgniter->handleRequest(null, Object(Config\Cache), false)
 9 FCPATH\index.php(79): CodeIgniter\CodeIgniter->run()
10 SYSTEMPATH\Commands\Server\rewrite.php(47): require_once('C:\\Dokumnt\\web_project2024\\dashmondt-master\\public\\index.php')
CRITICAL - 2024-07-24 07:28:36 --> ErrorException: Undefined array key 0
in APPPATH\Views\testing\hasil.php on line 9.
 1 APPPATH\Views\testing\hasil.php(9): CodeIgniter\Debug\Exceptions->errorHandler(2, 'Undefined array key 0', 'C:\\Dokumnt\\web_project2024\\dashmondt-master\\app\\Views\\testing\\hasil.php', 9)
 2 SYSTEMPATH\View\View.php(228): include('C:\\Dokumnt\\web_project2024\\dashmondt-master\\app\\Views\\testing\\hasil.php')
 3 SYSTEMPATH\View\View.php(231): CodeIgniter\View\View->CodeIgniter\View\{closure}()
 4 SYSTEMPATH\Common.php(1178): CodeIgniter\View\View->render('testing/hasil', [], true)
 5 APPPATH\Controllers\Testing.php(24): view('testing/hasil', [...])
 6 SYSTEMPATH\CodeIgniter.php(941): App\Controllers\Testing->cari()
 7 SYSTEMPATH\CodeIgniter.php(502): CodeIgniter\CodeIgniter->runController(Object(App\Controllers\Testing))
 8 SYSTEMPATH\CodeIgniter.php(361): CodeIgniter\CodeIgniter->handleRequest(null, Object(Config\Cache), false)
 9 FCPATH\index.php(79): CodeIgniter\CodeIgniter->run()
10 SYSTEMPATH\Commands\Server\rewrite.php(47): require_once('C:\\Dokumnt\\web_project2024\\dashmondt-master\\public\\index.php')
CRITICAL - 2024-07-24 07:32:10 --> ErrorException: Attempt to read property "id" on array
in APPPATH\Views\testing\hasil.php on line 9.
 1 APPPATH\Views\testing\hasil.php(9): CodeIgniter\Debug\Exceptions->errorHandler(2, 'Attempt to read property "id" on array', 'C:\\Dokumnt\\web_project2024\\dashmondt-master\\app\\Views\\testing\\hasil.php', 9)
 2 SYSTEMPATH\View\View.php(228): include('C:\\Dokumnt\\web_project2024\\dashmondt-master\\app\\Views\\testing\\hasil.php')
 3 SYSTEMPATH\View\View.php(231): CodeIgniter\View\View->CodeIgniter\View\{closure}()
 4 SYSTEMPATH\Common.php(1178): CodeIgniter\View\View->render('testing/hasil', [], true)
 5 APPPATH\Controllers\Testing.php(25): view('testing/hasil', [...])
 6 SYSTEMPATH\CodeIgniter.php(941): App\Controllers\Testing->cari()
 7 SYSTEMPATH\CodeIgniter.php(502): CodeIgniter\CodeIgniter->runController(Object(App\Controllers\Testing))
 8 SYSTEMPATH\CodeIgniter.php(361): CodeIgniter\CodeIgniter->handleRequest(null, Object(Config\Cache), false)
 9 FCPATH\index.php(79): CodeIgniter\CodeIgniter->run()
10 SYSTEMPATH\Commands\Server\rewrite.php(47): require_once('C:\\Dokumnt\\web_project2024\\dashmondt-master\\public\\index.php')
CRITICAL - 2024-07-24 07:32:17 --> ErrorException: Undefined array key "id"
in APPPATH\Views\testing\hasil.php on line 9.
 1 APPPATH\Views\testing\hasil.php(9): CodeIgniter\Debug\Exceptions->errorHandler(2, 'Undefined array key "id"', 'C:\\Dokumnt\\web_project2024\\dashmondt-master\\app\\Views\\testing\\hasil.php', 9)
 2 SYSTEMPATH\View\View.php(228): include('C:\\Dokumnt\\web_project2024\\dashmondt-master\\app\\Views\\testing\\hasil.php')
 3 SYSTEMPATH\View\View.php(231): CodeIgniter\View\View->CodeIgniter\View\{closure}()
 4 SYSTEMPATH\Common.php(1178): CodeIgniter\View\View->render('testing/hasil', [], true)
 5 APPPATH\Controllers\Testing.php(25): view('testing/hasil', [...])
 6 SYSTEMPATH\CodeIgniter.php(941): App\Controllers\Testing->cari()
 7 SYSTEMPATH\CodeIgniter.php(502): CodeIgniter\CodeIgniter->runController(Object(App\Controllers\Testing))
 8 SYSTEMPATH\CodeIgniter.php(361): CodeIgniter\CodeIgniter->handleRequest(null, Object(Config\Cache), false)
 9 FCPATH\index.php(79): CodeIgniter\CodeIgniter->run()
10 SYSTEMPATH\Commands\Server\rewrite.php(47): require_once('C:\\Dokumnt\\web_project2024\\dashmondt-master\\public\\index.php')
CRITICAL - 2024-07-24 07:32:20 --> ErrorException: Undefined array key "id"
in APPPATH\Views\testing\hasil.php on line 9.
 1 APPPATH\Views\testing\hasil.php(9): CodeIgniter\Debug\Exceptions->errorHandler(2, 'Undefined array key "id"', 'C:\\Dokumnt\\web_project2024\\dashmondt-master\\app\\Views\\testing\\hasil.php', 9)
 2 SYSTEMPATH\View\View.php(228): include('C:\\Dokumnt\\web_project2024\\dashmondt-master\\app\\Views\\testing\\hasil.php')
 3 SYSTEMPATH\View\View.php(231): CodeIgniter\View\View->CodeIgniter\View\{closure}()
 4 SYSTEMPATH\Common.php(1178): CodeIgniter\View\View->render('testing/hasil', [], true)
 5 APPPATH\Controllers\Testing.php(25): view('testing/hasil', [...])
 6 SYSTEMPATH\CodeIgniter.php(941): App\Controllers\Testing->cari()
 7 SYSTEMPATH\CodeIgniter.php(502): CodeIgniter\CodeIgniter->runController(Object(App\Controllers\Testing))
 8 SYSTEMPATH\CodeIgniter.php(361): CodeIgniter\CodeIgniter->handleRequest(null, Object(Config\Cache), false)
 9 FCPATH\index.php(79): CodeIgniter\CodeIgniter->run()
10 SYSTEMPATH\Commands\Server\rewrite.php(47): require_once('C:\\Dokumnt\\web_project2024\\dashmondt-master\\public\\index.php')
CRITICAL - 2024-07-24 07:32:20 --> ErrorException: Undefined array key "id"
in APPPATH\Views\testing\hasil.php on line 9.
 1 APPPATH\Views\testing\hasil.php(9): CodeIgniter\Debug\Exceptions->errorHandler(2, 'Undefined array key "id"', 'C:\\Dokumnt\\web_project2024\\dashmondt-master\\app\\Views\\testing\\hasil.php', 9)
 2 SYSTEMPATH\View\View.php(228): include('C:\\Dokumnt\\web_project2024\\dashmondt-master\\app\\Views\\testing\\hasil.php')
 3 SYSTEMPATH\View\View.php(231): CodeIgniter\View\View->CodeIgniter\View\{closure}()
 4 SYSTEMPATH\Common.php(1178): CodeIgniter\View\View->render('testing/hasil', [], true)
 5 APPPATH\Controllers\Testing.php(25): view('testing/hasil', [...])
 6 SYSTEMPATH\CodeIgniter.php(941): App\Controllers\Testing->cari()
 7 SYSTEMPATH\CodeIgniter.php(502): CodeIgniter\CodeIgniter->runController(Object(App\Controllers\Testing))
 8 SYSTEMPATH\CodeIgniter.php(361): CodeIgniter\CodeIgniter->handleRequest(null, Object(Config\Cache), false)
 9 FCPATH\index.php(79): CodeIgniter\CodeIgniter->run()
10 SYSTEMPATH\Commands\Server\rewrite.php(47): require_once('C:\\Dokumnt\\web_project2024\\dashmondt-master\\public\\index.php')
CRITICAL - 2024-07-24 07:32:30 --> ErrorException: Undefined array key "id"
in APPPATH\Views\testing\hasil.php on line 9.
 1 APPPATH\Views\testing\hasil.php(9): CodeIgniter\Debug\Exceptions->errorHandler(2, 'Undefined array key "id"', 'C:\\Dokumnt\\web_project2024\\dashmondt-master\\app\\Views\\testing\\hasil.php', 9)
 2 SYSTEMPATH\View\View.php(228): include('C:\\Dokumnt\\web_project2024\\dashmondt-master\\app\\Views\\testing\\hasil.php')
 3 SYSTEMPATH\View\View.php(231): CodeIgniter\View\View->CodeIgniter\View\{closure}()
 4 SYSTEMPATH\Common.php(1178): CodeIgniter\View\View->render('testing/hasil', [], true)
 5 APPPATH\Controllers\Testing.php(25): view('testing/hasil', [...])
 6 SYSTEMPATH\CodeIgniter.php(941): App\Controllers\Testing->cari()
 7 SYSTEMPATH\CodeIgniter.php(502): CodeIgniter\CodeIgniter->runController(Object(App\Controllers\Testing))
 8 SYSTEMPATH\CodeIgniter.php(361): CodeIgniter\CodeIgniter->handleRequest(null, Object(Config\Cache), false)
 9 FCPATH\index.php(79): CodeIgniter\CodeIgniter->run()
10 SYSTEMPATH\Commands\Server\rewrite.php(47): require_once('C:\\Dokumnt\\web_project2024\\dashmondt-master\\public\\index.php')
CRITICAL - 2024-07-24 07:32:37 --> Error: Object of class stdClass could not be converted to string
in APPPATH\Views\testing\hasil.php on line 9.
 1 SYSTEMPATH\View\View.php(228): include()
 2 SYSTEMPATH\View\View.php(231): CodeIgniter\View\View->CodeIgniter\View\{closure}()
 3 SYSTEMPATH\Common.php(1178): CodeIgniter\View\View->render('testing/hasil', [], true)
 4 APPPATH\Controllers\Testing.php(25): view('testing/hasil', [...])
 5 SYSTEMPATH\CodeIgniter.php(941): App\Controllers\Testing->cari()
 6 SYSTEMPATH\CodeIgniter.php(502): CodeIgniter\CodeIgniter->runController(Object(App\Controllers\Testing))
 7 SYSTEMPATH\CodeIgniter.php(361): CodeIgniter\CodeIgniter->handleRequest(null, Object(Config\Cache), false)
 8 FCPATH\index.php(79): CodeIgniter\CodeIgniter->run()
 9 SYSTEMPATH\Commands\Server\rewrite.php(47): require_once('C:\\Dokumnt\\web_project2024\\dashmondt-master\\public\\index.php')
CRITICAL - 2024-07-24 07:36:05 --> ErrorException: Undefined variable $data
in APPPATH\Views\testing\hasil.php on line 9.
 1 APPPATH\Views\testing\hasil.php(9): CodeIgniter\Debug\Exceptions->errorHandler(2, 'Undefined variable $data', 'C:\\Dokumnt\\web_project2024\\dashmondt-master\\app\\Views\\testing\\hasil.php', 9)
 2 SYSTEMPATH\View\View.php(228): include('C:\\Dokumnt\\web_project2024\\dashmondt-master\\app\\Views\\testing\\hasil.php')
 3 SYSTEMPATH\View\View.php(231): CodeIgniter\View\View->CodeIgniter\View\{closure}()
 4 SYSTEMPATH\Common.php(1178): CodeIgniter\View\View->render('testing/hasil', [], true)
 5 APPPATH\Controllers\Testing.php(25): view('testing/hasil', [...])
 6 SYSTEMPATH\CodeIgniter.php(941): App\Controllers\Testing->cari()
 7 SYSTEMPATH\CodeIgniter.php(502): CodeIgniter\CodeIgniter->runController(Object(App\Controllers\Testing))
 8 SYSTEMPATH\CodeIgniter.php(361): CodeIgniter\CodeIgniter->handleRequest(null, Object(Config\Cache), false)
 9 FCPATH\index.php(79): CodeIgniter\CodeIgniter->run()
10 SYSTEMPATH\Commands\Server\rewrite.php(47): require_once('C:\\Dokumnt\\web_project2024\\dashmondt-master\\public\\index.php')
CRITICAL - 2024-07-24 07:40:57 --> ParseError: syntax error, unexpected variable "$d", expecting "," or ";"
in APPPATH\Views\testing\hasil.php on line 10.
 1 SYSTEMPATH\View\View.php(231): CodeIgniter\View\View->CodeIgniter\View\{closure}()
 2 SYSTEMPATH\Common.php(1178): CodeIgniter\View\View->render('testing/hasil', [], true)
 3 APPPATH\Controllers\Testing.php(23): view('testing/hasil', [...])
 4 SYSTEMPATH\CodeIgniter.php(941): App\Controllers\Testing->cari()
 5 SYSTEMPATH\CodeIgniter.php(502): CodeIgniter\CodeIgniter->runController(Object(App\Controllers\Testing))
 6 SYSTEMPATH\CodeIgniter.php(361): CodeIgniter\CodeIgniter->handleRequest(null, Object(Config\Cache), false)
 7 FCPATH\index.php(79): CodeIgniter\CodeIgniter->run()
 8 SYSTEMPATH\Commands\Server\rewrite.php(47): require_once('C:\\Dokumnt\\web_project2024\\dashmondt-master\\public\\index.php')
CRITICAL - 2024-07-24 07:41:43 --> TypeError: CodeIgniter\Database\BaseBuilder::like(): Argument #2 ($match) must be of type string, array given, called in C:\Dokumnt\web_project2024\dashmondt-master\app\Controllers\Testing.php on line 19
in SYSTEMPATH\Database\BaseBuilder.php on line 981.
 1 APPPATH\Controllers\Testing.php(19): CodeIgniter\Database\BaseBuilder->like('status', [...])
 2 SYSTEMPATH\CodeIgniter.php(941): App\Controllers\Testing->cari()
 3 SYSTEMPATH\CodeIgniter.php(502): CodeIgniter\CodeIgniter->runController(Object(App\Controllers\Testing))
 4 SYSTEMPATH\CodeIgniter.php(361): CodeIgniter\CodeIgniter->handleRequest(null, Object(Config\Cache), false)
 5 FCPATH\index.php(79): CodeIgniter\CodeIgniter->run()
 6 SYSTEMPATH\Commands\Server\rewrite.php(47): require_once('C:\\Dokumnt\\web_project2024\\dashmondt-master\\public\\index.php')
CRITICAL - 2024-07-24 07:41:52 --> TypeError: CodeIgniter\Database\BaseBuilder::like(): Argument #2 ($match) must be of type string, array given, called in C:\Dokumnt\web_project2024\dashmondt-master\app\Controllers\Testing.php on line 19
in SYSTEMPATH\Database\BaseBuilder.php on line 981.
 1 APPPATH\Controllers\Testing.php(19): CodeIgniter\Database\BaseBuilder->like('status', [])
 2 SYSTEMPATH\CodeIgniter.php(941): App\Controllers\Testing->cari()
 3 SYSTEMPATH\CodeIgniter.php(502): CodeIgniter\CodeIgniter->runController(Object(App\Controllers\Testing))
 4 SYSTEMPATH\CodeIgniter.php(361): CodeIgniter\CodeIgniter->handleRequest(null, Object(Config\Cache), false)
 5 FCPATH\index.php(79): CodeIgniter\CodeIgniter->run()
 6 SYSTEMPATH\Commands\Server\rewrite.php(47): require_once('C:\\Dokumnt\\web_project2024\\dashmondt-master\\public\\index.php')
CRITICAL - 2024-07-24 07:42:00 --> TypeError: CodeIgniter\Database\BaseBuilder::like(): Argument #2 ($match) must be of type string, array given, called in C:\Dokumnt\web_project2024\dashmondt-master\app\Controllers\Testing.php on line 19
in SYSTEMPATH\Database\BaseBuilder.php on line 981.
 1 APPPATH\Controllers\Testing.php(19): CodeIgniter\Database\BaseBuilder->like('status', [...])
 2 SYSTEMPATH\CodeIgniter.php(941): App\Controllers\Testing->cari()
 3 SYSTEMPATH\CodeIgniter.php(502): CodeIgniter\CodeIgniter->runController(Object(App\Controllers\Testing))
 4 SYSTEMPATH\CodeIgniter.php(361): CodeIgniter\CodeIgniter->handleRequest(null, Object(Config\Cache), false)
 5 FCPATH\index.php(79): CodeIgniter\CodeIgniter->run()
 6 SYSTEMPATH\Commands\Server\rewrite.php(47): require_once('C:\\Dokumnt\\web_project2024\\dashmondt-master\\public\\index.php')
CRITICAL - 2024-07-24 07:44:19 --> TypeError: CodeIgniter\Database\BaseBuilder::like(): Argument #2 ($match) must be of type string, array given, called in C:\Dokumnt\web_project2024\dashmondt-master\app\Controllers\Testing.php on line 20
in SYSTEMPATH\Database\BaseBuilder.php on line 981.
 1 APPPATH\Controllers\Testing.php(20): CodeIgniter\Database\BaseBuilder->like('status', [...])
 2 SYSTEMPATH\CodeIgniter.php(941): App\Controllers\Testing->cari()
 3 SYSTEMPATH\CodeIgniter.php(502): CodeIgniter\CodeIgniter->runController(Object(App\Controllers\Testing))
 4 SYSTEMPATH\CodeIgniter.php(361): CodeIgniter\CodeIgniter->handleRequest(null, Object(Config\Cache), false)
 5 FCPATH\index.php(79): CodeIgniter\CodeIgniter->run()
 6 SYSTEMPATH\Commands\Server\rewrite.php(47): require_once('C:\\Dokumnt\\web_project2024\\dashmondt-master\\public\\index.php')
CRITICAL - 2024-07-24 07:44:22 --> TypeError: CodeIgniter\Database\BaseBuilder::like(): Argument #2 ($match) must be of type string, array given, called in C:\Dokumnt\web_project2024\dashmondt-master\app\Controllers\Testing.php on line 20
in SYSTEMPATH\Database\BaseBuilder.php on line 981.
 1 APPPATH\Controllers\Testing.php(20): CodeIgniter\Database\BaseBuilder->like('status', [...])
 2 SYSTEMPATH\CodeIgniter.php(941): App\Controllers\Testing->cari()
 3 SYSTEMPATH\CodeIgniter.php(502): CodeIgniter\CodeIgniter->runController(Object(App\Controllers\Testing))
 4 SYSTEMPATH\CodeIgniter.php(361): CodeIgniter\CodeIgniter->handleRequest(null, Object(Config\Cache), false)
 5 FCPATH\index.php(79): CodeIgniter\CodeIgniter->run()
 6 SYSTEMPATH\Commands\Server\rewrite.php(47): require_once('C:\\Dokumnt\\web_project2024\\dashmondt-master\\public\\index.php')
CRITICAL - 2024-07-24 08:16:13 --> ErrorException: Array to string conversion
in SYSTEMPATH\Database\Query.php on line 327.
 1 [internal function]: CodeIgniter\Debug\Exceptions->errorHandler(2, 'Array to string conversion', 'C:\\Dokumnt\\web_project2024\\dashmondt-master\\system\\Database\\Query.php', 327)
 2 SYSTEMPATH\Database\Query.php(327): implode(',', [...])
 3 SYSTEMPATH\Database\Query.php(308): CodeIgniter\Database\Query->matchNamedBinds('SELECT *
FROM `report`
WHERE `status` = :status:', [...])
 4 SYSTEMPATH\Database\Query.php(159): CodeIgniter\Database\Query->compileBinds()
 5 SYSTEMPATH\Database\BaseConnection.php(607): CodeIgniter\Database\Query->getQuery()
 6 SYSTEMPATH\Database\BaseBuilder.php(1613): CodeIgniter\Database\BaseConnection->query('SELECT *
FROM `report`
WHERE `status` = :status:', [...], false)
 7 APPPATH\Controllers\Testing.php(21): CodeIgniter\Database\BaseBuilder->get()
 8 SYSTEMPATH\CodeIgniter.php(941): App\Controllers\Testing->cari()
 9 SYSTEMPATH\CodeIgniter.php(502): CodeIgniter\CodeIgniter->runController(Object(App\Controllers\Testing))
10 SYSTEMPATH\CodeIgniter.php(361): CodeIgniter\CodeIgniter->handleRequest(null, Object(Config\Cache), false)
11 FCPATH\index.php(79): CodeIgniter\CodeIgniter->run()
12 SYSTEMPATH\Commands\Server\rewrite.php(47): require_once('C:\\Dokumnt\\web_project2024\\dashmondt-master\\public\\index.php')
CRITICAL - 2024-07-24 08:16:20 --> ErrorException: Array to string conversion
in SYSTEMPATH\Database\Query.php on line 327.
 1 [internal function]: CodeIgniter\Debug\Exceptions->errorHandler(2, 'Array to string conversion', 'C:\\Dokumnt\\web_project2024\\dashmondt-master\\system\\Database\\Query.php', 327)
 2 SYSTEMPATH\Database\Query.php(327): implode(',', [...])
 3 SYSTEMPATH\Database\Query.php(308): CodeIgniter\Database\Query->matchNamedBinds('SELECT *
FROM `report`
WHERE `status` = :status:', [...])
 4 SYSTEMPATH\Database\Query.php(159): CodeIgniter\Database\Query->compileBinds()
 5 SYSTEMPATH\Database\BaseConnection.php(607): CodeIgniter\Database\Query->getQuery()
 6 SYSTEMPATH\Database\BaseBuilder.php(1613): CodeIgniter\Database\BaseConnection->query('SELECT *
FROM `report`
WHERE `status` = :status:', [...], false)
 7 APPPATH\Controllers\Testing.php(21): CodeIgniter\Database\BaseBuilder->get()
 8 SYSTEMPATH\CodeIgniter.php(941): App\Controllers\Testing->cari()
 9 SYSTEMPATH\CodeIgniter.php(502): CodeIgniter\CodeIgniter->runController(Object(App\Controllers\Testing))
10 SYSTEMPATH\CodeIgniter.php(361): CodeIgniter\CodeIgniter->handleRequest(null, Object(Config\Cache), false)
11 FCPATH\index.php(79): CodeIgniter\CodeIgniter->run()
12 SYSTEMPATH\Commands\Server\rewrite.php(47): require_once('C:\\Dokumnt\\web_project2024\\dashmondt-master\\public\\index.php')
