CRITICAL - 2024-07-30 03:07:15 --> ErrorException: Undefined variable $row
in APPPATH\Views\testing\index.php on line 28.
 1 APPPATH\Views\testing\index.php(28): CodeIgniter\Debug\Exceptions->errorHandler(2, 'Undefined variable $row', 'C:\\Dokumnt\\web_project2024\\dashmondt-master\\app\\Views\\testing\\index.php', 28)
 2 SYSTEMPATH\View\View.php(228): include('C:\\Dokumnt\\web_project2024\\dashmondt-master\\app\\Views\\testing\\index.php')
 3 SYSTEMPATH\View\View.php(231): CodeIgniter\View\View->CodeIgniter\View\{closure}()
 4 SYSTEMPATH\Common.php(1178): CodeIgniter\View\View->render('testing/index', [], true)
 5 APPPATH\Controllers\Testing.php(9): view('testing/index')
 6 SYSTEMPATH\CodeIgniter.php(941): App\Controllers\Testing->index()
 7 SYSTEMPATH\CodeIgniter.php(502): CodeIgniter\CodeIgniter->runController(Object(App\Controllers\Testing))
 8 SYSTEMPATH\CodeIgniter.php(361): CodeIgniter\CodeIgniter->handleRequest(null, Object(Config\Cache), false)
 9 FCPATH\index.php(79): CodeIgniter\CodeIgniter->run()
10 SYSTEMPATH\Commands\Server\rewrite.php(47): require_once('C:\\Dokumnt\\web_project2024\\dashmondt-master\\public\\index.php')
CRITICAL - 2024-07-30 04:35:46 --> ErrorException: Undefined variable $row
in APPPATH\Views\testing\index.php on line 28.
 1 APPPATH\Views\testing\index.php(28): CodeIgniter\Debug\Exceptions->errorHandler(2, 'Undefined variable $row', 'C:\\Dokumnt\\web_project2024\\dashmondt-master\\app\\Views\\testing\\index.php', 28)
 2 SYSTEMPATH\View\View.php(228): include('C:\\Dokumnt\\web_project2024\\dashmondt-master\\app\\Views\\testing\\index.php')
 3 SYSTEMPATH\View\View.php(231): CodeIgniter\View\View->CodeIgniter\View\{closure}()
 4 SYSTEMPATH\Common.php(1178): CodeIgniter\View\View->render('testing/index', [], true)
 5 APPPATH\Controllers\Testing.php(9): view('testing/index')
 6 SYSTEMPATH\CodeIgniter.php(941): App\Controllers\Testing->index()
 7 SYSTEMPATH\CodeIgniter.php(502): CodeIgniter\CodeIgniter->runController(Object(App\Controllers\Testing))
 8 SYSTEMPATH\CodeIgniter.php(361): CodeIgniter\CodeIgniter->handleRequest(null, Object(Config\Cache), false)
 9 FCPATH\index.php(79): CodeIgniter\CodeIgniter->run()
10 SYSTEMPATH\Commands\Server\rewrite.php(47): require_once('C:\\Dokumnt\\web_project2024\\dashmondt-master\\public\\index.php')
CRITICAL - 2024-07-30 04:36:14 --> ErrorException: Undefined variable $row
in APPPATH\Views\testing\index.php on line 28.
 1 APPPATH\Views\testing\index.php(28): CodeIgniter\Debug\Exceptions->errorHandler(2, 'Undefined variable $row', 'C:\\Dokumnt\\web_project2024\\dashmondt-master\\app\\Views\\testing\\index.php', 28)
 2 SYSTEMPATH\View\View.php(228): include('C:\\Dokumnt\\web_project2024\\dashmondt-master\\app\\Views\\testing\\index.php')
 3 SYSTEMPATH\View\View.php(231): CodeIgniter\View\View->CodeIgniter\View\{closure}()
 4 SYSTEMPATH\Common.php(1178): CodeIgniter\View\View->render('testing/index', [], true)
 5 APPPATH\Controllers\Testing.php(9): view('testing/index')
 6 SYSTEMPATH\CodeIgniter.php(941): App\Controllers\Testing->index()
 7 SYSTEMPATH\CodeIgniter.php(502): CodeIgniter\CodeIgniter->runController(Object(App\Controllers\Testing))
 8 SYSTEMPATH\CodeIgniter.php(361): CodeIgniter\CodeIgniter->handleRequest(null, Object(Config\Cache), false)
 9 FCPATH\index.php(79): CodeIgniter\CodeIgniter->run()
10 SYSTEMPATH\Commands\Server\rewrite.php(47): require_once('C:\\Dokumnt\\web_project2024\\dashmondt-master\\public\\index.php')
CRITICAL - 2024-07-30 04:36:33 --> ErrorException: Undefined variable $row
in APPPATH\Views\testing\index.php on line 28.
 1 APPPATH\Views\testing\index.php(28): CodeIgniter\Debug\Exceptions->errorHandler(2, 'Undefined variable $row', 'C:\\Dokumnt\\web_project2024\\dashmondt-master\\app\\Views\\testing\\index.php', 28)
 2 SYSTEMPATH\View\View.php(228): include('C:\\Dokumnt\\web_project2024\\dashmondt-master\\app\\Views\\testing\\index.php')
 3 SYSTEMPATH\View\View.php(231): CodeIgniter\View\View->CodeIgniter\View\{closure}()
 4 SYSTEMPATH\Common.php(1178): CodeIgniter\View\View->render('testing/index', [], true)
 5 APPPATH\Controllers\Testing.php(9): view('testing/index')
 6 SYSTEMPATH\CodeIgniter.php(941): App\Controllers\Testing->index()
 7 SYSTEMPATH\CodeIgniter.php(502): CodeIgniter\CodeIgniter->runController(Object(App\Controllers\Testing))
 8 SYSTEMPATH\CodeIgniter.php(361): CodeIgniter\CodeIgniter->handleRequest(null, Object(Config\Cache), false)
 9 FCPATH\index.php(79): CodeIgniter\CodeIgniter->run()
10 SYSTEMPATH\Commands\Server\rewrite.php(47): require_once('C:\\Dokumnt\\web_project2024\\dashmondt-master\\public\\index.php')
CRITICAL - 2024-07-30 06:23:16 --> ErrorException: Undefined variable $row
in APPPATH\Views\testing\index.php on line 17.
 1 APPPATH\Views\testing\index.php(17): CodeIgniter\Debug\Exceptions->errorHandler(2, 'Undefined variable $row', 'C:\\Dokumnt\\web_project2024\\dashmondt-master\\app\\Views\\testing\\index.php', 17)
 2 SYSTEMPATH\View\View.php(228): include('C:\\Dokumnt\\web_project2024\\dashmondt-master\\app\\Views\\testing\\index.php')
 3 SYSTEMPATH\View\View.php(231): CodeIgniter\View\View->CodeIgniter\View\{closure}()
 4 SYSTEMPATH\Common.php(1178): CodeIgniter\View\View->render('testing/index', [], true)
 5 APPPATH\Controllers\Testing.php(9): view('testing/index')
 6 SYSTEMPATH\CodeIgniter.php(941): App\Controllers\Testing->index()
 7 SYSTEMPATH\CodeIgniter.php(502): CodeIgniter\CodeIgniter->runController(Object(App\Controllers\Testing))
 8 SYSTEMPATH\CodeIgniter.php(361): CodeIgniter\CodeIgniter->handleRequest(null, Object(Config\Cache), false)
 9 FCPATH\index.php(79): CodeIgniter\CodeIgniter->run()
10 SYSTEMPATH\Commands\Server\rewrite.php(47): require_once('C:\\Dokumnt\\web_project2024\\dashmondt-master\\public\\index.php')
CRITICAL - 2024-07-30 06:24:02 --> ErrorException: Undefined variable $row
in APPPATH\Views\testing\index.php on line 17.
 1 APPPATH\Views\testing\index.php(17): CodeIgniter\Debug\Exceptions->errorHandler(2, 'Undefined variable $row', 'C:\\Dokumnt\\web_project2024\\dashmondt-master\\app\\Views\\testing\\index.php', 17)
 2 SYSTEMPATH\View\View.php(228): include('C:\\Dokumnt\\web_project2024\\dashmondt-master\\app\\Views\\testing\\index.php')
 3 SYSTEMPATH\View\View.php(231): CodeIgniter\View\View->CodeIgniter\View\{closure}()
 4 SYSTEMPATH\Common.php(1178): CodeIgniter\View\View->render('testing/index', [], true)
 5 APPPATH\Controllers\Testing.php(9): view('testing/index')
 6 SYSTEMPATH\CodeIgniter.php(941): App\Controllers\Testing->index()
 7 SYSTEMPATH\CodeIgniter.php(502): CodeIgniter\CodeIgniter->runController(Object(App\Controllers\Testing))
 8 SYSTEMPATH\CodeIgniter.php(361): CodeIgniter\CodeIgniter->handleRequest(null, Object(Config\Cache), false)
 9 FCPATH\index.php(79): CodeIgniter\CodeIgniter->run()
10 SYSTEMPATH\Commands\Server\rewrite.php(47): require_once('C:\\Dokumnt\\web_project2024\\dashmondt-master\\public\\index.php')
CRITICAL - 2024-07-30 06:24:04 --> ErrorException: Undefined variable $row
in APPPATH\Views\testing\index.php on line 17.
 1 APPPATH\Views\testing\index.php(17): CodeIgniter\Debug\Exceptions->errorHandler(2, 'Undefined variable $row', 'C:\\Dokumnt\\web_project2024\\dashmondt-master\\app\\Views\\testing\\index.php', 17)
 2 SYSTEMPATH\View\View.php(228): include('C:\\Dokumnt\\web_project2024\\dashmondt-master\\app\\Views\\testing\\index.php')
 3 SYSTEMPATH\View\View.php(231): CodeIgniter\View\View->CodeIgniter\View\{closure}()
 4 SYSTEMPATH\Common.php(1178): CodeIgniter\View\View->render('testing/index', [], true)
 5 APPPATH\Controllers\Testing.php(9): view('testing/index')
 6 SYSTEMPATH\CodeIgniter.php(941): App\Controllers\Testing->index()
 7 SYSTEMPATH\CodeIgniter.php(502): CodeIgniter\CodeIgniter->runController(Object(App\Controllers\Testing))
 8 SYSTEMPATH\CodeIgniter.php(361): CodeIgniter\CodeIgniter->handleRequest(null, Object(Config\Cache), false)
 9 FCPATH\index.php(79): CodeIgniter\CodeIgniter->run()
10 SYSTEMPATH\Commands\Server\rewrite.php(47): require_once('C:\\Dokumnt\\web_project2024\\dashmondt-master\\public\\index.php')
CRITICAL - 2024-07-30 06:24:05 --> ErrorException: Undefined variable $row
in APPPATH\Views\testing\index.php on line 17.
 1 APPPATH\Views\testing\index.php(17): CodeIgniter\Debug\Exceptions->errorHandler(2, 'Undefined variable $row', 'C:\\Dokumnt\\web_project2024\\dashmondt-master\\app\\Views\\testing\\index.php', 17)
 2 SYSTEMPATH\View\View.php(228): include('C:\\Dokumnt\\web_project2024\\dashmondt-master\\app\\Views\\testing\\index.php')
 3 SYSTEMPATH\View\View.php(231): CodeIgniter\View\View->CodeIgniter\View\{closure}()
 4 SYSTEMPATH\Common.php(1178): CodeIgniter\View\View->render('testing/index', [], true)
 5 APPPATH\Controllers\Testing.php(9): view('testing/index')
 6 SYSTEMPATH\CodeIgniter.php(941): App\Controllers\Testing->index()
 7 SYSTEMPATH\CodeIgniter.php(502): CodeIgniter\CodeIgniter->runController(Object(App\Controllers\Testing))
 8 SYSTEMPATH\CodeIgniter.php(361): CodeIgniter\CodeIgniter->handleRequest(null, Object(Config\Cache), false)
 9 FCPATH\index.php(79): CodeIgniter\CodeIgniter->run()
10 SYSTEMPATH\Commands\Server\rewrite.php(47): require_once('C:\\Dokumnt\\web_project2024\\dashmondt-master\\public\\index.php')
CRITICAL - 2024-07-30 06:29:21 --> ErrorException: Undefined variable $row
in APPPATH\Views\testing\hasil.php on line 16.
 1 APPPATH\Views\testing\hasil.php(16): CodeIgniter\Debug\Exceptions->errorHandler(2, 'Undefined variable $row', 'C:\\Dokumnt\\web_project2024\\dashmondt-master\\app\\Views\\testing\\hasil.php', 16)
 2 SYSTEMPATH\View\View.php(228): include('C:\\Dokumnt\\web_project2024\\dashmondt-master\\app\\Views\\testing\\hasil.php')
 3 SYSTEMPATH\View\View.php(231): CodeIgniter\View\View->CodeIgniter\View\{closure}()
 4 SYSTEMPATH\Common.php(1178): CodeIgniter\View\View->render('testing/hasil', [], true)
 5 APPPATH\Controllers\Testing.php(30): view('testing/hasil', [...])
 6 SYSTEMPATH\CodeIgniter.php(941): App\Controllers\Testing->cari()
 7 SYSTEMPATH\CodeIgniter.php(502): CodeIgniter\CodeIgniter->runController(Object(App\Controllers\Testing))
 8 SYSTEMPATH\CodeIgniter.php(361): CodeIgniter\CodeIgniter->handleRequest(null, Object(Config\Cache), false)
 9 FCPATH\index.php(79): CodeIgniter\CodeIgniter->run()
10 SYSTEMPATH\Commands\Server\rewrite.php(47): require_once('C:\\Dokumnt\\web_project2024\\dashmondt-master\\public\\index.php')
CRITICAL - 2024-07-30 06:29:44 --> ErrorException: Attempt to read property "id_unit" on array
in APPPATH\Views\testing\hasil.php on line 18.
 1 APPPATH\Views\testing\hasil.php(18): CodeIgniter\Debug\Exceptions->errorHandler(2, 'Attempt to read property "id_unit" on array', 'C:\\Dokumnt\\web_project2024\\dashmondt-master\\app\\Views\\testing\\hasil.php', 18)
 2 SYSTEMPATH\View\View.php(228): include('C:\\Dokumnt\\web_project2024\\dashmondt-master\\app\\Views\\testing\\hasil.php')
 3 SYSTEMPATH\View\View.php(231): CodeIgniter\View\View->CodeIgniter\View\{closure}()
 4 SYSTEMPATH\Common.php(1178): CodeIgniter\View\View->render('testing/hasil', [], true)
 5 APPPATH\Controllers\Testing.php(30): view('testing/hasil', [...])
 6 SYSTEMPATH\CodeIgniter.php(941): App\Controllers\Testing->cari()
 7 SYSTEMPATH\CodeIgniter.php(502): CodeIgniter\CodeIgniter->runController(Object(App\Controllers\Testing))
 8 SYSTEMPATH\CodeIgniter.php(361): CodeIgniter\CodeIgniter->handleRequest(null, Object(Config\Cache), false)
 9 FCPATH\index.php(79): CodeIgniter\CodeIgniter->run()
10 SYSTEMPATH\Commands\Server\rewrite.php(47): require_once('C:\\Dokumnt\\web_project2024\\dashmondt-master\\public\\index.php')
CRITICAL - 2024-07-30 06:30:40 --> ErrorException: Attempt to read property "id_unit" on array
in APPPATH\Views\testing\hasil.php on line 18.
 1 APPPATH\Views\testing\hasil.php(18): CodeIgniter\Debug\Exceptions->errorHandler(2, 'Attempt to read property "id_unit" on array', 'C:\\Dokumnt\\web_project2024\\dashmondt-master\\app\\Views\\testing\\hasil.php', 18)
 2 SYSTEMPATH\View\View.php(228): include('C:\\Dokumnt\\web_project2024\\dashmondt-master\\app\\Views\\testing\\hasil.php')
 3 SYSTEMPATH\View\View.php(231): CodeIgniter\View\View->CodeIgniter\View\{closure}()
 4 SYSTEMPATH\Common.php(1178): CodeIgniter\View\View->render('testing/hasil', [], true)
 5 APPPATH\Controllers\Testing.php(30): view('testing/hasil', [...])
 6 SYSTEMPATH\CodeIgniter.php(941): App\Controllers\Testing->cari()
 7 SYSTEMPATH\CodeIgniter.php(502): CodeIgniter\CodeIgniter->runController(Object(App\Controllers\Testing))
 8 SYSTEMPATH\CodeIgniter.php(361): CodeIgniter\CodeIgniter->handleRequest(null, Object(Config\Cache), false)
 9 FCPATH\index.php(79): CodeIgniter\CodeIgniter->run()
10 SYSTEMPATH\Commands\Server\rewrite.php(47): require_once('C:\\Dokumnt\\web_project2024\\dashmondt-master\\public\\index.php')
CRITICAL - 2024-07-30 06:35:17 --> ErrorException: Attempt to read property "id" on array
in APPPATH\Views\testing\hasil.php on line 20.
 1 APPPATH\Views\testing\hasil.php(20): CodeIgniter\Debug\Exceptions->errorHandler(2, 'Attempt to read property "id" on array', 'C:\\Dokumnt\\web_project2024\\dashmondt-master\\app\\Views\\testing\\hasil.php', 20)
 2 SYSTEMPATH\View\View.php(228): include('C:\\Dokumnt\\web_project2024\\dashmondt-master\\app\\Views\\testing\\hasil.php')
 3 SYSTEMPATH\View\View.php(231): CodeIgniter\View\View->CodeIgniter\View\{closure}()
 4 SYSTEMPATH\Common.php(1178): CodeIgniter\View\View->render('testing/hasil', [], true)
 5 APPPATH\Controllers\Testing.php(30): view('testing/hasil', [...])
 6 SYSTEMPATH\CodeIgniter.php(941): App\Controllers\Testing->cari()
 7 SYSTEMPATH\CodeIgniter.php(502): CodeIgniter\CodeIgniter->runController(Object(App\Controllers\Testing))
 8 SYSTEMPATH\CodeIgniter.php(361): CodeIgniter\CodeIgniter->handleRequest(null, Object(Config\Cache), false)
 9 FCPATH\index.php(79): CodeIgniter\CodeIgniter->run()
10 SYSTEMPATH\Commands\Server\rewrite.php(47): require_once('C:\\Dokumnt\\web_project2024\\dashmondt-master\\public\\index.php')
CRITICAL - 2024-07-30 07:37:21 --> ErrorException: Undefined variable $reportModel
in APPPATH\Controllers\Testing.php on line 10.
 1 APPPATH\Controllers\Testing.php(10): CodeIgniter\Debug\Exceptions->errorHandler(2, 'Undefined variable $reportModel', 'C:\\Dokumnt\\web_project2024\\dashmondt-master\\app\\Controllers\\Testing.php', 10)
 2 SYSTEMPATH\CodeIgniter.php(941): App\Controllers\Testing->index()
 3 SYSTEMPATH\CodeIgniter.php(502): CodeIgniter\CodeIgniter->runController(Object(App\Controllers\Testing))
 4 SYSTEMPATH\CodeIgniter.php(361): CodeIgniter\CodeIgniter->handleRequest(null, Object(Config\Cache), false)
 5 FCPATH\index.php(79): CodeIgniter\CodeIgniter->run()
 6 SYSTEMPATH\Commands\Server\rewrite.php(47): require_once('C:\\Dokumnt\\web_project2024\\dashmondt-master\\public\\index.php')
CRITICAL - 2024-07-30 07:37:27 --> ErrorException: Undefined variable $reportModel
in APPPATH\Controllers\Testing.php on line 10.
 1 APPPATH\Controllers\Testing.php(10): CodeIgniter\Debug\Exceptions->errorHandler(2, 'Undefined variable $reportModel', 'C:\\Dokumnt\\web_project2024\\dashmondt-master\\app\\Controllers\\Testing.php', 10)
 2 SYSTEMPATH\CodeIgniter.php(941): App\Controllers\Testing->index()
 3 SYSTEMPATH\CodeIgniter.php(502): CodeIgniter\CodeIgniter->runController(Object(App\Controllers\Testing))
 4 SYSTEMPATH\CodeIgniter.php(361): CodeIgniter\CodeIgniter->handleRequest(null, Object(Config\Cache), false)
 5 FCPATH\index.php(79): CodeIgniter\CodeIgniter->run()
 6 SYSTEMPATH\Commands\Server\rewrite.php(47): require_once('C:\\Dokumnt\\web_project2024\\dashmondt-master\\public\\index.php')
CRITICAL - 2024-07-30 07:37:56 --> ParseError: syntax error, unexpected end of file
in APPPATH\Views\testing\index.php on line 25.
 1 SYSTEMPATH\View\View.php(231): CodeIgniter\View\View->CodeIgniter\View\{closure}()
 2 SYSTEMPATH\Common.php(1178): CodeIgniter\View\View->render('testing/index', [], true)
 3 APPPATH\Controllers\Testing.php(12): view('testing/index', [...])
 4 SYSTEMPATH\CodeIgniter.php(941): App\Controllers\Testing->index()
 5 SYSTEMPATH\CodeIgniter.php(502): CodeIgniter\CodeIgniter->runController(Object(App\Controllers\Testing))
 6 SYSTEMPATH\CodeIgniter.php(361): CodeIgniter\CodeIgniter->handleRequest(null, Object(Config\Cache), false)
 7 FCPATH\index.php(79): CodeIgniter\CodeIgniter->run()
 8 SYSTEMPATH\Commands\Server\rewrite.php(47): require_once('C:\\Dokumnt\\web_project2024\\dashmondt-master\\public\\index.php')
CRITICAL - 2024-07-30 07:38:34 --> ErrorException: Attempt to read property "id_unit" on array
in APPPATH\Views\testing\index.php on line 20.
 1 APPPATH\Views\testing\index.php(20): CodeIgniter\Debug\Exceptions->errorHandler(2, 'Attempt to read property "id_unit" on array', 'C:\\Dokumnt\\web_project2024\\dashmondt-master\\app\\Views\\testing\\index.php', 20)
 2 SYSTEMPATH\View\View.php(228): include('C:\\Dokumnt\\web_project2024\\dashmondt-master\\app\\Views\\testing\\index.php')
 3 SYSTEMPATH\View\View.php(231): CodeIgniter\View\View->CodeIgniter\View\{closure}()
 4 SYSTEMPATH\Common.php(1178): CodeIgniter\View\View->render('testing/index', [], true)
 5 APPPATH\Controllers\Testing.php(12): view('testing/index', [...])
 6 SYSTEMPATH\CodeIgniter.php(941): App\Controllers\Testing->index()
 7 SYSTEMPATH\CodeIgniter.php(502): CodeIgniter\CodeIgniter->runController(Object(App\Controllers\Testing))
 8 SYSTEMPATH\CodeIgniter.php(361): CodeIgniter\CodeIgniter->handleRequest(null, Object(Config\Cache), false)
 9 FCPATH\index.php(79): CodeIgniter\CodeIgniter->run()
10 SYSTEMPATH\Commands\Server\rewrite.php(47): require_once('C:\\Dokumnt\\web_project2024\\dashmondt-master\\public\\index.php')
INFO - 2024-07-30 08:36:12 --> Session: Class initialized using 'CodeIgniter\Session\Handlers\FileHandler' driver.
CRITICAL - 2024-07-30 08:36:12 --> TypeError: array_values(): Argument #1 ($array) must be of type array, null given
in APPPATH\Controllers\Cart.php on line 10.
 1 APPPATH\Controllers\Cart.php(10): array_values(null)
 2 SYSTEMPATH\CodeIgniter.php(941): App\Controllers\Cart->index()
 3 SYSTEMPATH\CodeIgniter.php(502): CodeIgniter\CodeIgniter->runController(Object(App\Controllers\Cart))
 4 SYSTEMPATH\CodeIgniter.php(361): CodeIgniter\CodeIgniter->handleRequest(null, Object(Config\Cache), false)
 5 FCPATH\index.php(79): CodeIgniter\CodeIgniter->run()
 6 SYSTEMPATH\Commands\Server\rewrite.php(47): require_once('C:\\Dokumnt\\web_project2024\\dashmondt-master\\public\\index.php')
INFO - 2024-07-30 08:40:50 --> Session: Class initialized using 'CodeIgniter\Session\Handlers\FileHandler' driver.
CRITICAL - 2024-07-30 08:40:50 --> TypeError: array_values(): Argument #1 ($array) must be of type array, null given
in APPPATH\Controllers\Cart.php on line 10.
 1 APPPATH\Controllers\Cart.php(10): array_values(null)
 2 SYSTEMPATH\CodeIgniter.php(941): App\Controllers\Cart->index()
 3 SYSTEMPATH\CodeIgniter.php(502): CodeIgniter\CodeIgniter->runController(Object(App\Controllers\Cart))
 4 SYSTEMPATH\CodeIgniter.php(361): CodeIgniter\CodeIgniter->handleRequest(null, Object(Config\Cache), false)
 5 FCPATH\index.php(79): CodeIgniter\CodeIgniter->run()
 6 SYSTEMPATH\Commands\Server\rewrite.php(47): require_once('C:\\Dokumnt\\web_project2024\\dashmondt-master\\public\\index.php')
INFO - 2024-07-30 08:42:30 --> Session: Class initialized using 'CodeIgniter\Session\Handlers\FileHandler' driver.
CRITICAL - 2024-07-30 08:42:30 --> TypeError: array_values(): Argument #1 ($array) must be of type array, null given
in APPPATH\Controllers\Cart.php on line 10.
 1 APPPATH\Controllers\Cart.php(10): array_values(null)
 2 SYSTEMPATH\CodeIgniter.php(941): App\Controllers\Cart->index()
 3 SYSTEMPATH\CodeIgniter.php(502): CodeIgniter\CodeIgniter->runController(Object(App\Controllers\Cart))
 4 SYSTEMPATH\CodeIgniter.php(361): CodeIgniter\CodeIgniter->handleRequest(null, Object(Config\Cache), false)
 5 FCPATH\index.php(79): CodeIgniter\CodeIgniter->run()
 6 SYSTEMPATH\Commands\Server\rewrite.php(47): require_once('C:\\Dokumnt\\web_project2024\\dashmondt-master\\public\\index.php')
